#
# A fatal error has been detected by the Java Runtime Environment:
#
#  EXCEPTION_ACCESS_VIOLATION (0xc0000005) at pc=0x17a62f31, pid=9616, tid=0x0000162c
#
# JRE version: Java(TM) SE Runtime Environment (8.0_144-b01) (build 1.8.0_144-b01)
# Java VM: Java HotSpot(TM) Client VM (25.144-b01 mixed mode windows-x86 )
# Problematic frame:
# C  [wpcap.dll+0x2f31]
#
# Failed to write core dump. Minidumps are not enabled by default on client versions of Windows
#
# If you would like to submit a bug report, please visit:
#   http://bugreport.java.com/bugreport/crash.jsp
# The crash happened outside the Java Virtual Machine in native code.
# See problematic frame for where to report the bug.
#

---------------  T H R E A D  ---------------

Current thread (0x17237c00):  JavaThread "AWT-EventQueue-0" [_thread_in_native, id=5676, stack(0x18380000,0x183d0000)]

siginfo: ExceptionCode=0xc0000005, reading address 0x0000000c

Registers:
EAX=0x183cdbe0, EBX=0x180a8838, ECX=0x00000000, EDX=0x180a8838
ESP=0x183cdb78, EBP=0x183cdb90, ESI=0x00000000, EDI=0x00000000
EIP=0x17a62f31, EFLAGS=0x00010246

Top of Stack: (sp=0x183cdb78)
0x183cdb78:   00000000 17237d40 17a43b80 17237d40
0x183cdb88:   183ce440 00000022 183ce43c 17a62f0b
0x183cdb98:   00000000 183cdbe0 180a8838 ffffffff
0x183cdba8:   00f8ffff 17237d40 180a8838 17a31c6c
0x183cdbb8:   00000000 183cdbe0 180a8838 ffffffff
0x183cdbc8:   00f8ffff 17237c00 184cdc60 183ce428
0x183cdbd8:   184cdc68 180a8838 7011cc02 00000013
0x183cdbe8:   00000001 00000013 00000000 183cdc70 

Instructions: (pc=0x17a62f31)
0x17a62f11:   aa 17 8b f0 ff 15 cc 90 a8 17 8b c6 5e 59 c3 55
0x17a62f21:   8b ec 83 ec 0c 53 8b 5d 10 56 57 8b 7d 08 33 f6
0x17a62f31:   39 77 0c 89 5d fc 74 3e 81 7f 20 c0 00 00 00 75
0x17a62f41:   35 8b c3 8d 50 01 8a 08 83 c0 01 84 c9 75 f7 2b 


Register to memory mapping:

EAX=0x183cdbe0 is pointing into the stack for thread: 0x17237c00
EBX=0x180a8838 is an unknown value
ECX=0x00000000 is an unknown value
EDX=0x180a8838 is an unknown value
ESP=0x183cdb78 is pointing into the stack for thread: 0x17237c00
EBP=0x183cdb90 is pointing into the stack for thread: 0x17237c00
ESI=0x00000000 is an unknown value
EDI=0x00000000 is an unknown value


Stack: [0x18380000,0x183d0000],  sp=0x183cdb78,  free space=310k
Native frames: (J=compiled Java code, j=interpreted, Vv=VM code, C=native code)
C  [wpcap.dll+0x2f31]
C  [wpcap.dll+0x2f0b]
C  0x070d0aa8

Java frames: (J=compiled Java code, j=interpreted, Vv=VM code)
j  jpcap.JpcapCaptor.setFilter(Ljava/lang/String;Z)V+0
j  jpcap.mainGui.B_FILTERActionPerformed(Ljava/awt/event/ActionEvent;)V+75
j  jpcap.mainGui.access$1000(Ljpcap/mainGui;Ljava/awt/event/ActionEvent;)V+2
j  jpcap.mainGui$11.actionPerformed(Ljava/awt/event/ActionEvent;)V+5
j  javax.swing.AbstractButton.fireActionPerformed(Ljava/awt/event/ActionEvent;)V+83
j  javax.swing.AbstractButton$Handler.actionPerformed(Ljava/awt/event/ActionEvent;)V+5
j  javax.swing.DefaultButtonModel.fireActionPerformed(Ljava/awt/event/ActionEvent;)V+34
j  javax.swing.DefaultButtonModel.setPressed(Z)V+117
j  javax.swing.plaf.basic.BasicButtonListener.mouseReleased(Ljava/awt/event/MouseEvent;)V+35
j  java.awt.Component.processMouseEvent(Ljava/awt/event/MouseEvent;)V+64
j  javax.swing.JComponent.processMouseEvent(Ljava/awt/event/MouseEvent;)V+23
j  java.awt.Component.processEvent(Ljava/awt/AWTEvent;)V+81
j  java.awt.Container.processEvent(Ljava/awt/AWTEvent;)V+18
j  java.awt.Component.dispatchEventImpl(Ljava/awt/AWTEvent;)V+589
J 613 C1 java.awt.Container.dispatchEventImpl(Ljava/awt/AWTEvent;)V (129 bytes) @ 0x04b7cc7c [0x04b7cc20+0x5c]
J 415 C1 java.awt.LightweightDispatcher.retargetMouseEvent(Ljava/awt/Component;ILjava/awt/event/MouseEvent;)V (350 bytes) @ 0x04b3e2fc [0x04b3dcb0+0x64c]
j  java.awt.LightweightDispatcher.processMouseEvent(Ljava/awt/event/MouseEvent;)Z+155
j  java.awt.LightweightDispatcher.dispatchEvent(Ljava/awt/AWTEvent;)Z+50
J 613 C1 java.awt.Container.dispatchEventImpl(Ljava/awt/AWTEvent;)V (129 bytes) @ 0x04b7cc60 [0x04b7cc20+0x40]
j  java.awt.Window.dispatchEventImpl(Ljava/awt/AWTEvent;)V+19
J 526 C1 java.awt.EventQueue.dispatchEventImpl(Ljava/awt/AWTEvent;Ljava/lang/Object;)V (149 bytes) @ 0x04b68f5c [0x04b68b10+0x44c]
J 523 C1 java.awt.EventQueue$3.run()Ljava/lang/Void; (60 bytes) @ 0x04b6829c [0x04b68240+0x5c]
J 522 C1 java.awt.EventQueue$3.run()Ljava/lang/Object; (5 bytes) @ 0x04b68020 [0x04b68000+0x20]
v  ~StubRoutines::call_stub
J 424  java.security.AccessController.doPrivileged(Ljava/security/PrivilegedAction;Ljava/security/AccessControlContext;)Ljava/lang/Object; (0 bytes) @ 0x04b40307 [0x04b402a0+0x67]
J 425 C1 java.security.ProtectionDomain$JavaSecurityAccessImpl.doIntersectionPrivilege(Ljava/security/PrivilegedAction;Ljava/security/AccessControlContext;Ljava/security/AccessControlContext;)Ljava/lang/Object; (22 bytes) @ 0x04b40680 [0x04b40580+0x100]
j  java.security.ProtectionDomain$JavaSecurityAccessImpl.doIntersectionPrivilege(Ljava/security/PrivilegedAction;Ljava/security/AccessControlContext;)Ljava/lang/Object;+6
j  java.awt.EventQueue$4.run()Ljava/lang/Void;+11
j  java.awt.EventQueue$4.run()Ljava/lang/Object;+1
v  ~StubRoutines::call_stub
J 424  java.security.AccessController.doPrivileged(Ljava/security/PrivilegedAction;Ljava/security/AccessControlContext;)Ljava/lang/Object; (0 bytes) @ 0x04b40307 [0x04b402a0+0x67]
J 518 C1 java.awt.EventQueue.dispatchEvent(Ljava/awt/AWTEvent;)V (80 bytes) @ 0x04b66d1c [0x04b669c0+0x35c]
J 408 C1 java.awt.EventDispatchThread.pumpOneEventForFilters(I)V (295 bytes) @ 0x04b3b5d0 [0x04b3af40+0x690]
j  java.awt.EventDispatchThread.pumpEventsForFilter(ILjava/awt/Conditional;Ljava/awt/EventFilter;)V+35
j  java.awt.EventDispatchThread.pumpEventsForHierarchy(ILjava/awt/Conditional;Ljava/awt/Component;)V+11
j  java.awt.EventDispatchThread.pumpEvents(ILjava/awt/Conditional;)V+4
j  java.awt.EventDispatchThread.pumpEvents(Ljava/awt/Conditional;)V+3
j  java.awt.EventDispatchThread.run()V+9
v  ~StubRoutines::call_stub

---------------  P R O C E S S  ---------------

Java Threads: ( => current thread )
  0x18091800 JavaThread "TimerQueue" daemon [_thread_blocked, id=2588, stack(0x19790000,0x197e0000)]
  0x04a0bc00 JavaThread "DestroyJavaVM" [_thread_blocked, id=10108, stack(0x03050000,0x030a0000)]
=>0x17237c00 JavaThread "AWT-EventQueue-0" [_thread_in_native, id=5676, stack(0x18380000,0x183d0000)]
  0x171fc000 JavaThread "AWT-Windows" daemon [_thread_in_native, id=6304, stack(0x17900000,0x17950000)]
  0x17222800 JavaThread "AWT-Shutdown" [_thread_blocked, id=13732, stack(0x17870000,0x178c0000)]
  0x17221c00 JavaThread "Java2D Disposer" daemon [_thread_blocked, id=14548, stack(0x177e0000,0x17830000)]
  0x1708d000 JavaThread "Service Thread" daemon [_thread_blocked, id=11928, stack(0x175d0000,0x17620000)]
  0x17099000 JavaThread "C1 CompilerThread0" daemon [_thread_blocked, id=8860, stack(0x17540000,0x17590000)]
  0x17098000 JavaThread "Attach Listener" daemon [_thread_blocked, id=532, stack(0x174b0000,0x17500000)]
  0x17096000 JavaThread "Signal Dispatcher" daemon [_thread_blocked, id=13812, stack(0x17420000,0x17470000)]
  0x17079400 JavaThread "Finalizer" daemon [_thread_blocked, id=5004, stack(0x172a0000,0x172f0000)]
  0x17063800 JavaThread "Reference Handler" daemon [_thread_blocked, id=4808, stack(0x06bb0000,0x06c00000)]

Other Threads:
  0x049acc00 VMThread [stack: 0x06b20000,0x06b70000] [id=3340]
  0x170bc000 WatcherThread [stack: 0x17660000,0x176b0000] [id=6012]

VM state:not at safepoint (normal execution)

VM Mutex/Monitor currently owned by a thread: None

Heap:
 def new generation   total 4928K, used 1513K [0x06c00000, 0x07150000, 0x0c150000)
  eden space 4416K,  26% used [0x06c00000, 0x06d20570, 0x07050000)
  from space 512K,  70% used [0x070d0000, 0x0712a048, 0x07150000)
  to   space 512K,   0% used [0x07050000, 0x07050000, 0x070d0000)
 tenured generation   total 10944K, used 3073K [0x0c150000, 0x0cc00000, 0x16c00000)
   the space 10944K,  28% used [0x0c150000, 0x0c4507d0, 0x0c450800, 0x0cc00000)
 Metaspace       used 7725K, capacity 7930K, committed 8064K, reserved 8576K

Card table byte_map: [0x06a90000,0x06b20000] byte_map_base: 0x06a5a000

Polling page: 0x00c00000

CodeCache: size=32768Kb used=1480Kb max_used=1480Kb free=31287Kb
 bounds [0x04a10000, 0x04b88000, 0x06a10000]
 total_blobs=859 nmethods=627 adapters=162
 compilation: enabled

Compilation events (10 events):
Event: 41.342 Thread 0x17099000  623             sun.awt.windows.WGlobalCursorManager::getCursorManager (20 bytes)
Event: 41.342 Thread 0x17099000 nmethod 623 0x04b81148 code [0x04b81250, 0x04b813d0]
Event: 41.410 Thread 0x17099000  625             sun.awt.windows.WToolkit::targetToPeer (5 bytes)
Event: 41.411 Thread 0x17099000 nmethod 625 0x04b81708 code [0x04b81820, 0x04b81908]
Event: 42.060 Thread 0x17099000  628             java.awt.image.Raster::getWidth (5 bytes)
Event: 42.060 Thread 0x17099000 nmethod 628 0x04b81f48 code [0x04b82040, 0x04b820c0]
Event: 42.061 Thread 0x17099000  629             java.awt.image.Raster::getHeight (5 bytes)
Event: 42.061 Thread 0x17099000 nmethod 629 0x04b82108 code [0x04b82200, 0x04b82280]
Event: 42.066 Thread 0x17099000  630             sun.java2d.pipe.Region::clipScale (41 bytes)
Event: 42.067 Thread 0x17099000 nmethod 630 0x04b822c8 code [0x04b82400, 0x04b824fc]

GC Heap History (6 events):
Event: 0.385 GC heap before
{Heap before GC invocations=0 (full 0):
 def new generation   total 4928K, used 4416K [0x06c00000, 0x07150000, 0x0c150000)
  eden space 4416K, 100% used [0x06c00000, 0x07050000, 0x07050000)
  from space 512K,   0% used [0x07050000, 0x07050000, 0x070d0000)
  to   space 512K,   0% used [0x070d0000, 0x070d0000, 0x07150000)
 tenured generation   total 10944K, used 0K [0x0c150000, 0x0cc00000, 0x16c00000)
   the space 10944K,   0% used [0x0c150000, 0x0c150000, 0x0c150200, 0x0cc00000)
 Metaspace       used 6872K, capacity 7055K, committed 7168K, reserved 7552K
Event: 0.391 GC heap after
Heap after GC invocations=1 (full 0):
 def new generation   total 4928K, used 512K [0x06c00000, 0x07150000, 0x0c150000)
  eden space 4416K,   0% used [0x06c00000, 0x06c00000, 0x07050000)
  from space 512K, 100% used [0x070d0000, 0x07150000, 0x07150000)
  to   space 512K,   0% used [0x07050000, 0x07050000, 0x070d0000)
 tenured generation   total 10944K, used 1114K [0x0c150000, 0x0cc00000, 0x16c00000)
   the space 10944K,  10% used [0x0c150000, 0x0c2669c0, 0x0c266a00, 0x0cc00000)
 Metaspace       used 6872K, capacity 7055K, committed 7168K, reserved 7552K
}
Event: 6.263 GC heap before
{Heap before GC invocations=1 (full 0):
 def new generation   total 4928K, used 4928K [0x06c00000, 0x07150000, 0x0c150000)
  eden space 4416K, 100% used [0x06c00000, 0x07050000, 0x07050000)
  from space 512K, 100% used [0x070d0000, 0x07150000, 0x07150000)
  to   space 512K,   0% used [0x07050000, 0x07050000, 0x070d0000)
 tenured generation   total 10944K, used 1114K [0x0c150000, 0x0cc00000, 0x16c00000)
   the space 10944K,  10% used [0x0c150000, 0x0c2669c0, 0x0c266a00, 0x0cc00000)
 Metaspace       used 7688K, capacity 7863K, committed 7936K, reserved 8576K
Event: 6.268 GC heap after
Heap after GC invocations=2 (full 0):
 def new generation   total 4928K, used 382K [0x06c00000, 0x07150000, 0x0c150000)
  eden space 4416K,   0% used [0x06c00000, 0x06c00000, 0x07050000)
  from space 512K,  74% used [0x07050000, 0x070afa30, 0x070d0000)
  to   space 512K,   0% used [0x070d0000, 0x070d0000, 0x07150000)
 tenured generation   total 10944K, used 2712K [0x0c150000, 0x0cc00000, 0x16c00000)
   the space 10944K,  24% used [0x0c150000, 0x0c3f60d0, 0x0c3f6200, 0x0cc00000)
 Metaspace       used 7688K, capacity 7863K, committed 7936K, reserved 8576K
}
Event: 30.890 GC heap before
{Heap before GC invocations=2 (full 0):
 def new generation   total 4928K, used 4798K [0x06c00000, 0x07150000, 0x0c150000)
  eden space 4416K, 100% used [0x06c00000, 0x07050000, 0x07050000)
  from space 512K,  74% used [0x07050000, 0x070afa30, 0x070d0000)
  to   space 512K,   0% used [0x070d0000, 0x070d0000, 0x07150000)
 tenured generation   total 10944K, used 2712K [0x0c150000, 0x0cc00000, 0x16c00000)
   the space 10944K,  24% used [0x0c150000, 0x0c3f60d0, 0x0c3f6200, 0x0cc00000)
 Metaspace       used 7724K, capacity 7930K, committed 8064K, reserved 8576K
Event: 30.893 GC heap after
Heap after GC invocations=3 (full 0):
 def new generation   total 4928K, used 360K [0x06c00000, 0x07150000, 0x0c150000)
  eden space 4416K,   0% used [0x06c00000, 0x06c00000, 0x07050000)
  from space 512K,  70% used [0x070d0000, 0x0712a048, 0x07150000)
  to   space 512K,   0% used [0x07050000, 0x07050000, 0x070d0000)
 tenured generation   total 10944K, used 3073K [0x0c150000, 0x0cc00000, 0x16c00000)
   the space 10944K,  28% used [0x0c150000, 0x0c4507d0, 0x0c450800, 0x0cc00000)
 Metaspace       used 7724K, capacity 7930K, committed 8064K, reserved 8576K
}

Deoptimization events (0 events):
No events

Internal exceptions (10 events):
Event: 0.244 Thread 0x04a0bc00 Exception <a 'java/lang/ClassNotFoundException': ToggleButton> (0x06ebe518) thrown at [C:\workspace\8-2-build-windows-i586-cygwin\jdk8u144\9417\hotspot\src\share\vm\classfile\systemDictionary.cpp, line 210]
Event: 0.244 Thread 0x04a0bc00 Exception <a 'java/lang/ClassNotFoundException': javax/swing/JToolBarSeparator> (0x06ebe920) thrown at [C:\workspace\8-2-build-windows-i586-cygwin\jdk8u144\9417\hotspot\src\share\vm\classfile\systemDictionary.cpp, line 210]
Event: 0.244 Thread 0x04a0bc00 Exception <a 'java/lang/ClassNotFoundException': ToolBarSeparator> (0x06ebed78) thrown at [C:\workspace\8-2-build-windows-i586-cygwin\jdk8u144\9417\hotspot\src\share\vm\classfile\systemDictionary.cpp, line 210]
Event: 0.244 Thread 0x04a0bc00 Exception <a 'java/lang/ClassNotFoundException': ToolTip> (0x06ebf420) thrown at [C:\workspace\8-2-build-windows-i586-cygwin\jdk8u144\9417\hotspot\src\share\vm\classfile\systemDictionary.cpp, line 210]
Event: 0.245 Thread 0x04a0bc00 Exception <a 'java/lang/ClassNotFoundException': Tree> (0x06ebff18) thrown at [C:\workspace\8-2-build-windows-i586-cygwin\jdk8u144\9417\hotspot\src\share\vm\classfile\systemDictionary.cpp, line 210]
Event: 0.245 Thread 0x04a0bc00 Exception <a 'java/lang/ClassNotFoundException': Tree> (0x06ec05b8) thrown at [C:\workspace\8-2-build-windows-i586-cygwin\jdk8u144\9417\hotspot\src\share\vm\classfile\systemDictionary.cpp, line 210]
Event: 0.245 Thread 0x04a0bc00 Exception <a 'java/lang/ClassNotFoundException': javax/swing/JTreeCell> (0x06ec08f0) thrown at [C:\workspace\8-2-build-windows-i586-cygwin\jdk8u144\9417\hotspot\src\share\vm\classfile\systemDictionary.cpp, line 210]
Event: 0.245 Thread 0x04a0bc00 Exception <a 'java/lang/ClassNotFoundException': TreeCell> (0x06ec0d38) thrown at [C:\workspace\8-2-build-windows-i586-cygwin\jdk8u144\9417\hotspot\src\share\vm\classfile\systemDictionary.cpp, line 210]
Event: 0.246 Thread 0x04a0bc00 Exception <a 'java/lang/ClassNotFoundException': RootPane> (0x06ec16b0) thrown at [C:\workspace\8-2-build-windows-i586-cygwin\jdk8u144\9417\hotspot\src\share\vm\classfile\systemDictionary.cpp, line 210]
Event: 25.619 Thread 0x17237c00 Exception <a 'java/lang/NullPointerException'> (0x06e04318) thrown at [C:\workspace\8-2-build-windows-i586-cygwin\jdk8u144\9417\hotspot\src\share\vm\interpreter\linkResolver.cpp, line 1197]

Events (10 events):
Event: 30.894 Executing VM operation: RevokeBias
Event: 30.894 Executing VM operation: RevokeBias done
Event: 37.132 Thread 0x17099000 flushing nmethod 0x04b4c8c8
Event: 38.069 Executing VM operation: RevokeBias
Event: 38.069 Executing VM operation: RevokeBias done
Event: 38.076 Executing VM operation: RevokeBias
Event: 38.076 Executing VM operation: RevokeBias done
Event: 38.077 Executing VM operation: RevokeBias
Event: 38.077 Executing VM operation: RevokeBias done
Event: 38.077 Thread 0x17f9fc00 Thread exited: 0x17f9fc00


Dynamic libraries:
0x00c20000 - 0x00c53000 	C:\Program Files (x86)\Java\jdk1.8.0_144\bin\java.exe
0x76f70000 - 0x770fd000 	C:\WINDOWS\SYSTEM32\ntdll.dll
0x76c90000 - 0x76d60000 	C:\WINDOWS\System32\KERNEL32.DLL
0x74140000 - 0x74317000 	C:\WINDOWS\System32\KERNELBASE.dll
0x728a0000 - 0x7293a000 	C:\WINDOWS\SYSTEM32\apphelp.dll
0x73e90000 - 0x73f08000 	C:\WINDOWS\System32\ADVAPI32.dll
0x748f0000 - 0x749ad000 	C:\WINDOWS\System32\msvcrt.dll
0x74710000 - 0x74753000 	C:\WINDOWS\System32\sechost.dll
0x76e00000 - 0x76ebe000 	C:\WINDOWS\System32\RPCRT4.dll
0x73990000 - 0x739b0000 	C:\WINDOWS\System32\SspiCli.dll
0x73980000 - 0x7398a000 	C:\WINDOWS\System32\CRYPTBASE.dll
0x73e30000 - 0x73e87000 	C:\WINDOWS\System32\bcryptPrimitives.dll
0x73f70000 - 0x740e5000 	C:\WINDOWS\System32\USER32.dll
0x74870000 - 0x74886000 	C:\WINDOWS\System32\win32u.dll
0x73a40000 - 0x73a62000 	C:\WINDOWS\System32\GDI32.dll
0x73b30000 - 0x73c8f000 	C:\WINDOWS\System32\gdi32full.dll
0x74760000 - 0x747dc000 	C:\WINDOWS\System32\msvcp_win.dll
0x763c0000 - 0x764d7000 	C:\WINDOWS\System32\ucrtbase.dll
0x73050000 - 0x73261000 	C:\WINDOWS\WinSxS\x86_microsoft.windows.common-controls_6595b64144ccf1df_6.0.16299.64_none_14403bb93691f395\COMCTL32.dll
0x75cf0000 - 0x75f36000 	C:\WINDOWS\System32\combase.dll
0x76ec0000 - 0x76ee5000 	C:\WINDOWS\System32\IMM32.DLL
0x70d40000 - 0x70dff000 	C:\Program Files (x86)\Java\jdk1.8.0_144\jre\bin\msvcr100.dll
0x6ffa0000 - 0x7036e000 	C:\Program Files (x86)\Java\jdk1.8.0_144\jre\bin\client\jvm.dll
0x76f60000 - 0x76f66000 	C:\WINDOWS\System32\PSAPI.DLL
0x73930000 - 0x73938000 	C:\WINDOWS\SYSTEM32\VERSION.dll
0x73410000 - 0x73434000 	C:\WINDOWS\SYSTEM32\WINMM.dll
0x73040000 - 0x73048000 	C:\WINDOWS\SYSTEM32\WSOCK32.dll
0x744b0000 - 0x74516000 	C:\WINDOWS\System32\WS2_32.dll
0x733e0000 - 0x73403000 	C:\WINDOWS\SYSTEM32\WINMMBASE.dll
0x74470000 - 0x744a8000 	C:\WINDOWS\System32\cfgmgr32.dll
0x72d30000 - 0x72d3c000 	C:\Program Files (x86)\Java\jdk1.8.0_144\jre\bin\verify.dll
0x72d00000 - 0x72d21000 	C:\Program Files (x86)\Java\jdk1.8.0_144\jre\bin\java.dll
0x72ce0000 - 0x72cf3000 	C:\Program Files (x86)\Java\jdk1.8.0_144\jre\bin\zip.dll
0x749b0000 - 0x75ce3000 	C:\WINDOWS\System32\SHELL32.dll
0x76d60000 - 0x76de8000 	C:\WINDOWS\System32\shcore.dll
0x765e0000 - 0x76ba6000 	C:\WINDOWS\System32\windows.storage.dll
0x740f0000 - 0x74135000 	C:\WINDOWS\System32\shlwapi.dll
0x748e0000 - 0x748ee000 	C:\WINDOWS\System32\kernel.appcore.dll
0x76370000 - 0x763b5000 	C:\WINDOWS\System32\powrprof.dll
0x74520000 - 0x74534000 	C:\WINDOWS\System32\profapi.dll
0x70bf0000 - 0x70d35000 	C:\Program Files (x86)\Java\jdk1.8.0_144\jre\bin\awt.dll
0x73a70000 - 0x73b03000 	C:\WINDOWS\System32\OLEAUT32.dll
0x729f0000 - 0x72a69000 	C:\WINDOWS\system32\uxtheme.dll
0x74320000 - 0x74464000 	C:\WINDOWS\System32\MSCTF.dll
0x724f0000 - 0x72513000 	C:\WINDOWS\system32\dwmapi.dll
0x764e0000 - 0x765d7000 	C:\WINDOWS\System32\ole32.dll
0x72200000 - 0x72239000 	C:\Program Files (x86)\Java\jdk1.8.0_144\jre\bin\fontmanager.dll
0x70b10000 - 0x70bef000 	C:\WINDOWS\system32\opengl32.dll
0x721d0000 - 0x721f5000 	C:\WINDOWS\SYSTEM32\GLU32.dll
0x739b0000 - 0x73a32000 	C:\WINDOWS\System32\clbcatq.dll
0x70760000 - 0x708ce000 	C:\WINDOWS\SYSTEM32\WindowsCodecs.dll
0x63f90000 - 0x63fd8000 	C:\WINDOWS\system32\dataexchange.dll
0x70370000 - 0x705ae000 	C:\WINDOWS\system32\d3d11.dll
0x63e20000 - 0x63f1e000 	C:\WINDOWS\system32\dcomp.dll
0x72260000 - 0x722f2000 	C:\WINDOWS\system32\dxgi.dll
0x6d710000 - 0x6d844000 	C:\WINDOWS\system32\twinapi.appcore.dll
0x72190000 - 0x721aa000 	C:\WINDOWS\system32\RMCLIENT.dll
0x733c0000 - 0x733d9000 	C:\WINDOWS\system32\bcrypt.dll
0x724d0000 - 0x724e6000 	C:\Program Files (x86)\Java\jdk1.8.0_144\jre\bin\net.dll
0x72da0000 - 0x72df5000 	C:\WINDOWS\system32\mswsock.dll
0x72cd0000 - 0x72cdf000 	C:\Program Files (x86)\Java\jdk1.8.0_144\jre\bin\nio.dll
0x71b90000 - 0x71bc2000 	C:\Program Files (x86)\Java\jdk1.8.0_144\jre\bin\t2k.dll
0x70fa0000 - 0x71017000 	C:\WINDOWS\System32\TextInputFramework.dll
0x6bb00000 - 0x6bd34000 	C:\WINDOWS\System32\CoreUIComponents.dll
0x6b480000 - 0x6b50c000 	C:\WINDOWS\System32\CoreMessaging.dll
0x72e80000 - 0x72ea8000 	C:\WINDOWS\SYSTEM32\ntmarta.dll
0x6d640000 - 0x6d70b000 	C:\WINDOWS\SYSTEM32\wintypes.dll
0x71b60000 - 0x71b84000 	C:\Program Files (x86)\Java\jdk1.8.0_144\jre\bin\dcpr.dll
0x17a30000 - 0x17a58000 	C:\Program Files (x86)\Java\jdk1.8.0_144\jre\lib\ext\jpcap.dll
0x73830000 - 0x73860000 	C:\WINDOWS\SYSTEM32\iphlpapi.dll
0x17a60000 - 0x17aac000 	C:\WINDOWS\SYSTEM32\wpcap.dll
0x17ac0000 - 0x17ad8000 	C:\WINDOWS\SYSTEM32\packet.dll
0x76ef0000 - 0x76ef7000 	C:\WINDOWS\System32\NSI.dll
0x72480000 - 0x72493000 	C:\WINDOWS\SYSTEM32\dhcpcsvc6.DLL
0x72160000 - 0x72174000 	C:\WINDOWS\SYSTEM32\dhcpcsvc.DLL
0x70e00000 - 0x70f81000 	C:\WINDOWS\SYSTEM32\dbghelp.dll

VM Arguments:
jvm_args: -Dfile.encoding=UTF-8 -Djava.library.path=C:\Program Files (x86)\Java\jdk1.8.0_144\bin 
java_command: jpcap.mainGui
java_class_path (initial): C:\Users\John\Documents\NetBeansProjects\JPCap\jpcap.jar;C:\Users\John\Documents\NetBeansProjects\JPCap\build\classes
Launcher Type: SUN_STANDARD

Environment Variables:
PATH=C:\ProgramData\Oracle\Java\javapath;C:\Program Files\Broadcom\Broadcom 802.11 Network Adapter;;C:\WINDOWS\system32;C:\WINDOWS;C:\WINDOWS\System32\Wbem;C:\WINDOWS\System32\WindowsPowerShell\v1.0\;C:\Program Files (x86)\ATI Technologies\ATI.ACE\Core-Static;C:\Users\John\AppData\Local\Programs\Python\Python35-32\Scripts\;C:\Users\John\AppData\Local\Programs\Python\Python35-32\;C:\Users\John\AppData\Local\Microsoft\WindowsApps;C:\Program Files (x86)\Microsoft VS Code\bin;C:\Modeltech_pe_edu_10.4a\win32pe_edu;C:\adb;C:\WINDOWS\system32;C:\WINDOWS;C:\WINDOWS\System32\Wbem;C:\WINDOWS\System32\WindowsPowerShell\v1.0\;c:\Program Files\Intel\WiFi\bin\;c:\Program Files\Common Files\Intel\WirelessCommon\;C:\Program Files\PuTTY\;C:\Users\John\AppData\Local\Programs\Fiddler;C:\Program Files (x86)\Nmap
USERNAME=John
OS=Windows_NT
PROCESSOR_IDENTIFIER=Intel64 Family 6 Model 61 Stepping 4, GenuineIntel



---------------  S Y S T E M  ---------------

OS: Windows 10.0 , 64 bit Build 16299 (10.0.16299.15)

CPU:total 4 (initial active 4) (2 cores per cpu, 2 threads per core) family 6 model 61 stepping 4, cmov, cx8, fxsr, mmx, sse, sse2, sse3, ssse3, sse4.1, sse4.2, popcnt, avx, avx2, aes, clmul, erms, 3dnowpref, lzcnt, ht, tsc, tscinvbit, bmi1, bmi2, adx

Memory: 4k page, physical 4107668k(1289704k free), swap 8656720k(3665112k free)

vm_info: Java HotSpot(TM) Client VM (25.144-b01) for windows-x86 JRE (1.8.0_144-b01), built on Jul 21 2017 21:58:05 by "java_re" with MS VC++ 10.0 (VS2010)

time: Thu Nov 23 12:53:25 2017
elapsed time: 42 seconds (0d 0h 0m 42s)

