#
# A fatal error has been detected by the Java Runtime Environment:
#
#  Internal Error (exceptions.cpp:416), pid=2996, tid=0x00002088
#  fatal error: ExceptionMark constructor expects no pending exceptions
#
# JRE version: Java(TM) SE Runtime Environment (8.0_144-b01) (build 1.8.0_144-b01)
# Java VM: Java HotSpot(TM) Client VM (25.144-b01 mixed mode windows-x86 )
# Failed to write core dump. Minidumps are not enabled by default on client versions of Windows
#
# If you would like to submit a bug report, please visit:
#   http://bugreport.java.com/bugreport/crash.jsp
# The crash happened outside the Java Virtual Machine in native code.
# See problematic frame for where to report the bug.
#

---------------  T H R E A D  ---------------

Current thread (0x17bd9800):  JavaThread "Thread-4" [_thread_in_native, id=8328, stack(0x17a00000,0x17a50000)]

Stack: [0x17a00000,0x17a50000],  sp=0x17a4ee70,  free space=315k
Native frames: (J=compiled Java code, j=interpreted, Vv=VM code, C=native code)
V  [jvm.dll+0x1aa78b]
V  [jvm.dll+0x1a2f96]
V  [jvm.dll+0x1a3e75]
V  [jvm.dll+0x2bb019]
v  ~RuntimeStub::monitorexit_nofpu Runtime1 stub
J 769 C1 javax.swing.text.AbstractDocument$LeafElement.<init>(Ljavax/swing/text/AbstractDocument;Ljavax/swing/text/Element;Ljavax/swing/text/AttributeSet;II)V (58 bytes) @ 0x048f61b9 [0x048f5da0+0x419]
J 425 C1 javax.swing.text.PlainDocument.insertUpdate(Ljavax/swing/text/AbstractDocument$DefaultDocumentEvent;Ljavax/swing/text/AttributeSet;)V (423 bytes) @ 0x048999cc [0x04899760+0x26c]
j  javax.swing.text.AbstractDocument.handleInsertString(ILjava/lang/String;Ljavax/swing/text/AttributeSet;)V+139
j  javax.swing.text.AbstractDocument.insertString(ILjava/lang/String;Ljavax/swing/text/AttributeSet;)V+46
j  javax.swing.text.PlainDocument.insertString(ILjava/lang/String;Ljavax/swing/text/AttributeSet;)V+104
j  javax.swing.JTextArea.append(Ljava/lang/String;)V+18
j  jpcap.NetMap_PacketContents.receivePacket(Ljpcap/packet/Packet;)V+25
v  ~StubRoutines::call_stub
V  [jvm.dll+0x15af45]
V  [jvm.dll+0x2213ae]
V  [jvm.dll+0x15afde]
V  [jvm.dll+0xdcdcb]
V  [jvm.dll+0xdfbf8]
C  [jpcap.dll+0x1efc]

Java frames: (J=compiled Java code, j=interpreted, Vv=VM code)
J 962  jpcap.JpcapCaptor.processPacket(ILjpcap/PacketReceiver;)I (0 bytes) @ 0x049388a9 [0x04938850+0x59]
J 964 C1 jpcap.mainGui$15.construct()Ljava/lang/Object; (124 bytes) @ 0x04939058 [0x04938e30+0x228]
j  jpcap.NetMap_CaptureThread$2.run()V+8
j  java.lang.Thread.run()V+11
v  ~StubRoutines::call_stub

---------------  P R O C E S S  ---------------

Java Threads: ( => current thread )
=>0x17bd9800 JavaThread "Thread-4" [_thread_in_native, id=8328, stack(0x17a00000,0x17a50000)]
  0x17d88000 JavaThread "Thread-2" [_thread_in_native, id=14880, stack(0x17960000,0x179b0000)]
  0x17da3c00 JavaThread "TimerQueue" daemon [_thread_blocked, id=7180, stack(0x19490000,0x194e0000)]
  0x0124bc00 JavaThread "DestroyJavaVM" [_thread_blocked, id=3244, stack(0x00c80000,0x00cd0000)]
  0x17b50800 JavaThread "AWT-EventQueue-0" [_thread_blocked, id=14536, stack(0x18090000,0x180e0000)]
  0x16eac000 JavaThread "AWT-Windows" daemon [_thread_in_native, id=6904, stack(0x17600000,0x17650000)]
  0x16ea9400 JavaThread "AWT-Shutdown" [_thread_blocked, id=10892, stack(0x17570000,0x175c0000)]
  0x16ed1400 JavaThread "Java2D Disposer" daemon [_thread_blocked, id=10956, stack(0x174e0000,0x17530000)]
  0x16d3d000 JavaThread "Service Thread" daemon [_thread_blocked, id=13056, stack(0x172d0000,0x17320000)]
  0x16d49000 JavaThread "C1 CompilerThread0" daemon [_thread_blocked, id=8980, stack(0x17240000,0x17290000)]
  0x16d48000 JavaThread "Attach Listener" daemon [_thread_blocked, id=12476, stack(0x171b0000,0x17200000)]
  0x16d46000 JavaThread "Signal Dispatcher" daemon [_thread_blocked, id=12584, stack(0x17120000,0x17170000)]
  0x16d29400 JavaThread "Finalizer" daemon [_thread_blocked, id=14176, stack(0x16fa0000,0x16ff0000)]
  0x16d13800 JavaThread "Reference Handler" daemon [_thread_blocked, id=10140, stack(0x16f10000,0x16f60000)]

Other Threads:
  0x011ecc00 VMThread [stack: 0x16cc0000,0x16d10000] [id=604]
  0x16d40c00 WatcherThread [stack: 0x17360000,0x173b0000] [id=2108]

VM state:not at safepoint (normal execution)

VM Mutex/Monitor currently owned by a thread: None

Heap:
 def new generation   total 4928K, used 2147K [0x06800000, 0x06d50000, 0x0bd50000)
  eden space 4416K,  40% used [0x06800000, 0x069bb050, 0x06c50000)
  from space 512K,  73% used [0x06cd0000, 0x06d2df78, 0x06d50000)
  to   space 512K,   0% used [0x06c50000, 0x06c50000, 0x06cd0000)
 tenured generation   total 10944K, used 4235K [0x0bd50000, 0x0c800000, 0x16800000)
   the space 10944K,  38% used [0x0bd50000, 0x0c172dc8, 0x0c172e00, 0x0c800000)
 Metaspace       used 7729K, capacity 7930K, committed 8064K, reserved 8576K

Card table byte_map: [0x06760000,0x067f0000] byte_map_base: 0x0672c000

Polling page: 0x00ce0000

CodeCache: size=32768Kb used=1995Kb max_used=1995Kb free=30772Kb
 bounds [0x04760000, 0x04958000, 0x06760000]
 total_blobs=1259 nmethods=1027 adapters=162
 compilation: enabled

Compilation events (10 events):
Event: 41.005 Thread 0x16d49000 1026             java.awt.image.Raster::getDataBuffer (5 bytes)
Event: 41.005 Thread 0x16d49000 nmethod 1026 0x04950a08 code [0x04950b00, 0x04950b80]
Event: 41.005 Thread 0x16d49000 1027   !         sun.dc.pr.Rasterizer::appendCubic (55 bytes)
Event: 41.006 Thread 0x16d49000 nmethod 1027 0x04950bc8 code [0x04950d00, 0x04950eb0]
Event: 41.008 Thread 0x16d49000 1028             java.awt.EventQueue$4::run (5 bytes)
Event: 41.008 Thread 0x16d49000 nmethod 1028 0x04951048 code [0x04951190, 0x04951378]
Event: 41.008 Thread 0x16d49000 1029             java.awt.EventQueue$4::run (19 bytes)
Event: 41.008 Thread 0x16d49000 nmethod 1029 0x04951648 code [0x04951790, 0x04951978]
Event: 41.431 Thread 0x16d49000 1030             javax.swing.RepaintManager::updateWindows (161 bytes)
Event: 41.432 Thread 0x16d49000 nmethod 1030 0x04951c08 code [0x04951e40, 0x04952578]

GC Heap History (10 events):
Event: 13.904 GC heap before
{Heap before GC invocations=2 (full 0):
 def new generation   total 4928K, used 4817K [0x06800000, 0x06d50000, 0x0bd50000)
  eden space 4416K, 100% used [0x06800000, 0x06c50000, 0x06c50000)
  from space 512K,  78% used [0x06c50000, 0x06cb4570, 0x06cd0000)
  to   space 512K,   0% used [0x06cd0000, 0x06cd0000, 0x06d50000)
 tenured generation   total 10944K, used 2712K [0x0bd50000, 0x0c800000, 0x16800000)
   the space 10944K,  24% used [0x0bd50000, 0x0bff6260, 0x0bff6400, 0x0c800000)
 Metaspace       used 7727K, capacity 7930K, committed 8064K, reserved 8576K
Event: 13.906 GC heap after
Heap after GC invocations=3 (full 0):
 def new generation   total 4928K, used 403K [0x06800000, 0x06d50000, 0x0bd50000)
  eden space 4416K,   0% used [0x06800000, 0x06800000, 0x06c50000)
  from space 512K,  78% used [0x06cd0000, 0x06d34f78, 0x06d50000)
  to   space 512K,   0% used [0x06c50000, 0x06c50000, 0x06cd0000)
 tenured generation   total 10944K, used 3091K [0x0bd50000, 0x0c800000, 0x16800000)
   the space 10944K,  28% used [0x0bd50000, 0x0c054ec8, 0x0c055000, 0x0c800000)
 Metaspace       used 7727K, capacity 7930K, committed 8064K, reserved 8576K
}
Event: 19.110 GC heap before
{Heap before GC invocations=3 (full 0):
 def new generation   total 4928K, used 4819K [0x06800000, 0x06d50000, 0x0bd50000)
  eden space 4416K, 100% used [0x06800000, 0x06c50000, 0x06c50000)
  from space 512K,  78% used [0x06cd0000, 0x06d34f78, 0x06d50000)
  to   space 512K,   0% used [0x06c50000, 0x06c50000, 0x06cd0000)
 tenured generation   total 10944K, used 3091K [0x0bd50000, 0x0c800000, 0x16800000)
   the space 10944K,  28% used [0x0bd50000, 0x0c054ec8, 0x0c055000, 0x0c800000)
 Metaspace       used 7727K, capacity 7930K, committed 8064K, reserved 8576K
Event: 19.111 GC heap after
Heap after GC invocations=4 (full 0):
 def new generation   total 4928K, used 346K [0x06800000, 0x06d50000, 0x0bd50000)
  eden space 4416K,   0% used [0x06800000, 0x06800000, 0x06c50000)
  from space 512K,  67% used [0x06c50000, 0x06ca6988, 0x06cd0000)
  to   space 512K,   0% used [0x06cd0000, 0x06cd0000, 0x06d50000)
 tenured generation   total 10944K, used 3387K [0x0bd50000, 0x0c800000, 0x16800000)
   the space 10944K,  30% used [0x0bd50000, 0x0c09ecb8, 0x0c09ee00, 0x0c800000)
 Metaspace       used 7727K, capacity 7930K, committed 8064K, reserved 8576K
}
Event: 26.887 GC heap before
{Heap before GC invocations=4 (full 0):
 def new generation   total 4928K, used 4762K [0x06800000, 0x06d50000, 0x0bd50000)
  eden space 4416K, 100% used [0x06800000, 0x06c50000, 0x06c50000)
  from space 512K,  67% used [0x06c50000, 0x06ca6988, 0x06cd0000)
  to   space 512K,   0% used [0x06cd0000, 0x06cd0000, 0x06d50000)
 tenured generation   total 10944K, used 3387K [0x0bd50000, 0x0c800000, 0x16800000)
   the space 10944K,  30% used [0x0bd50000, 0x0c09ecb8, 0x0c09ee00, 0x0c800000)
 Metaspace       used 7727K, capacity 7930K, committed 8064K, reserved 8576K
Event: 26.888 GC heap after
Heap after GC invocations=5 (full 0):
 def new generation   total 4928K, used 381K [0x06800000, 0x06d50000, 0x0bd50000)
  eden space 4416K,   0% used [0x06800000, 0x06800000, 0x06c50000)
  from space 512K,  74% used [0x06cd0000, 0x06d2f6d0, 0x06d50000)
  to   space 512K,   0% used [0x06c50000, 0x06c50000, 0x06cd0000)
 tenured generation   total 10944K, used 3576K [0x0bd50000, 0x0c800000, 0x16800000)
   the space 10944K,  32% used [0x0bd50000, 0x0c0ce1e0, 0x0c0ce200, 0x0c800000)
 Metaspace       used 7727K, capacity 7930K, committed 8064K, reserved 8576K
}
Event: 32.105 GC heap before
{Heap before GC invocations=5 (full 0):
 def new generation   total 4928K, used 4797K [0x06800000, 0x06d50000, 0x0bd50000)
  eden space 4416K, 100% used [0x06800000, 0x06c50000, 0x06c50000)
  from space 512K,  74% used [0x06cd0000, 0x06d2f6d0, 0x06d50000)
  to   space 512K,   0% used [0x06c50000, 0x06c50000, 0x06cd0000)
 tenured generation   total 10944K, used 3576K [0x0bd50000, 0x0c800000, 0x16800000)
   the space 10944K,  32% used [0x0bd50000, 0x0c0ce1e0, 0x0c0ce200, 0x0c800000)
 Metaspace       used 7727K, capacity 7930K, committed 8064K, reserved 8576K
Event: 32.107 GC heap after
Heap after GC invocations=6 (full 0):
 def new generation   total 4928K, used 180K [0x06800000, 0x06d50000, 0x0bd50000)
  eden space 4416K,   0% used [0x06800000, 0x06800000, 0x06c50000)
  from space 512K,  35% used [0x06c50000, 0x06c7d2e8, 0x06cd0000)
  to   space 512K,   0% used [0x06cd0000, 0x06cd0000, 0x06d50000)
 tenured generation   total 10944K, used 4235K [0x0bd50000, 0x0c800000, 0x16800000)
   the space 10944K,  38% used [0x0bd50000, 0x0c172dc8, 0x0c172e00, 0x0c800000)
 Metaspace       used 7727K, capacity 7930K, committed 8064K, reserved 8576K
}
Event: 39.283 GC heap before
{Heap before GC invocations=6 (full 0):
 def new generation   total 4928K, used 4596K [0x06800000, 0x06d50000, 0x0bd50000)
  eden space 4416K, 100% used [0x06800000, 0x06c50000, 0x06c50000)
  from space 512K,  35% used [0x06c50000, 0x06c7d2e8, 0x06cd0000)
  to   space 512K,   0% used [0x06cd0000, 0x06cd0000, 0x06d50000)
 tenured generation   total 10944K, used 4235K [0x0bd50000, 0x0c800000, 0x16800000)
   the space 10944K,  38% used [0x0bd50000, 0x0c172dc8, 0x0c172e00, 0x0c800000)
 Metaspace       used 7729K, capacity 7930K, committed 8064K, reserved 8576K
Event: 39.285 GC heap after
Heap after GC invocations=7 (full 0):
 def new generation   total 4928K, used 375K [0x06800000, 0x06d50000, 0x0bd50000)
  eden space 4416K,   0% used [0x06800000, 0x06800000, 0x06c50000)
  from space 512K,  73% used [0x06cd0000, 0x06d2df78, 0x06d50000)
  to   space 512K,   0% used [0x06c50000, 0x06c50000, 0x06cd0000)
 tenured generation   total 10944K, used 4235K [0x0bd50000, 0x0c800000, 0x16800000)
   the space 10944K,  38% used [0x0bd50000, 0x0c172dc8, 0x0c172e00, 0x0c800000)
 Metaspace       used 7729K, capacity 7930K, committed 8064K, reserved 8576K
}

Deoptimization events (0 events):
No events

Internal exceptions (10 events):
Event: 32.406 Thread 0x16e51800 Exception <a 'java/lang/StackOverflowError'> (0x068e07a0) thrown at [C:\workspace\8-2-build-windows-i586-cygwin\jdk8u144\9417\hotspot\src\share\vm\runtime\javaCalls.cpp, line 386]
Event: 41.425 Thread 0x17bd9800 Exception <a 'java/lang/StackOverflowError'> (0x06990938) thrown at [C:\workspace\8-2-build-windows-i586-cygwin\jdk8u144\9417\hotspot\src\share\vm\runtime\javaCalls.cpp, line 386]
Event: 41.425 Thread 0x17bd9800 Exception <a 'java/lang/StackOverflowError'> (0x069909a0) thrown at [C:\workspace\8-2-build-windows-i586-cygwin\jdk8u144\9417\hotspot\src\share\vm\runtime\javaCalls.cpp, line 386]
Event: 41.425 Thread 0x17bd9800 Exception <a 'java/lang/StackOverflowError'> (0x069909c0) thrown at [C:\workspace\8-2-build-windows-i586-cygwin\jdk8u144\9417\hotspot\src\share\vm\runtime\javaCalls.cpp, line 386]
Event: 41.425 Thread 0x17bd9800 Exception <a 'java/lang/StackOverflowError'> (0x06990a00) thrown at [C:\workspace\8-2-build-windows-i586-cygwin\jdk8u144\9417\hotspot\src\share\vm\runtime\javaCalls.cpp, line 386]
Event: 41.425 Thread 0x17bd9800 Exception <a 'java/lang/StackOverflowError'> (0x06990a20) thrown at [C:\workspace\8-2-build-windows-i586-cygwin\jdk8u144\9417\hotspot\src\share\vm\runtime\javaCalls.cpp, line 386]
Event: 41.425 Thread 0x17bd9800 Exception <a 'java/lang/StackOverflowError'> (0x06990a78) thrown at [C:\workspace\8-2-build-windows-i586-cygwin\jdk8u144\9417\hotspot\src\share\vm\runtime\javaCalls.cpp, line 386]
Event: 41.425 Thread 0x17bd9800 Exception <a 'java/lang/StackOverflowError'> (0x06990bb0) thrown at [C:\workspace\8-2-build-windows-i586-cygwin\jdk8u144\9417\hotspot\src\share\vm\runtime\javaCalls.cpp, line 386]
Event: 41.425 Thread 0x17bd9800 Exception <a 'java/lang/StackOverflowError'> (0x06990bd0) thrown at [C:\workspace\8-2-build-windows-i586-cygwin\jdk8u144\9417\hotspot\src\share\vm\runtime\javaCalls.cpp, line 386]
Event: 41.425 Thread 0x17bd9800 Exception <a 'java/lang/StackOverflowError'> (0x06990bf0) thrown at [C:\workspace\8-2-build-windows-i586-cygwin\jdk8u144\9417\hotspot\src\share\vm\runtime\javaCalls.cpp, line 386]

Events (10 events):
Event: 32.416 loading class java/lang/Throwable$WrappedPrintStream
Event: 32.462 loading class java/lang/Throwable$PrintStreamOrWriter
Event: 32.462 loading class java/lang/Throwable$PrintStreamOrWriter done
Event: 32.462 loading class java/lang/Throwable$WrappedPrintStream done
Event: 32.471 Executing VM operation: RevokeBias
Event: 32.471 Executing VM operation: RevokeBias done
Event: 32.471 Thread 0x16e51800 Thread exited: 0x16e51800
Event: 39.283 Executing VM operation: GenCollectForAllocation
Event: 39.285 Executing VM operation: GenCollectForAllocation done
Event: 41.003 Thread 0x17bd9800 Thread added: 0x17bd9800


Dynamic libraries:
0x01310000 - 0x01343000 	C:\Program Files (x86)\Java\jdk1.8.0_144\bin\java.exe
0x76f70000 - 0x770fd000 	C:\WINDOWS\SYSTEM32\ntdll.dll
0x76c90000 - 0x76d60000 	C:\WINDOWS\System32\KERNEL32.DLL
0x74140000 - 0x74317000 	C:\WINDOWS\System32\KERNELBASE.dll
0x728a0000 - 0x7293a000 	C:\WINDOWS\SYSTEM32\apphelp.dll
0x73e90000 - 0x73f08000 	C:\WINDOWS\System32\ADVAPI32.dll
0x748f0000 - 0x749ad000 	C:\WINDOWS\System32\msvcrt.dll
0x74710000 - 0x74753000 	C:\WINDOWS\System32\sechost.dll
0x76e00000 - 0x76ebe000 	C:\WINDOWS\System32\RPCRT4.dll
0x73990000 - 0x739b0000 	C:\WINDOWS\System32\SspiCli.dll
0x73980000 - 0x7398a000 	C:\WINDOWS\System32\CRYPTBASE.dll
0x73e30000 - 0x73e87000 	C:\WINDOWS\System32\bcryptPrimitives.dll
0x73f70000 - 0x740e5000 	C:\WINDOWS\System32\USER32.dll
0x74870000 - 0x74886000 	C:\WINDOWS\System32\win32u.dll
0x73a40000 - 0x73a62000 	C:\WINDOWS\System32\GDI32.dll
0x73b30000 - 0x73c8f000 	C:\WINDOWS\System32\gdi32full.dll
0x74760000 - 0x747dc000 	C:\WINDOWS\System32\msvcp_win.dll
0x763c0000 - 0x764d7000 	C:\WINDOWS\System32\ucrtbase.dll
0x73050000 - 0x73261000 	C:\WINDOWS\WinSxS\x86_microsoft.windows.common-controls_6595b64144ccf1df_6.0.16299.64_none_14403bb93691f395\COMCTL32.dll
0x75cf0000 - 0x75f36000 	C:\WINDOWS\System32\combase.dll
0x76ec0000 - 0x76ee5000 	C:\WINDOWS\System32\IMM32.DLL
0x70d40000 - 0x70dff000 	C:\Program Files (x86)\Java\jdk1.8.0_144\jre\bin\msvcr100.dll
0x6ffa0000 - 0x7036e000 	C:\Program Files (x86)\Java\jdk1.8.0_144\jre\bin\client\jvm.dll
0x76f60000 - 0x76f66000 	C:\WINDOWS\System32\PSAPI.DLL
0x73040000 - 0x73048000 	C:\WINDOWS\SYSTEM32\WSOCK32.dll
0x73930000 - 0x73938000 	C:\WINDOWS\SYSTEM32\VERSION.dll
0x744b0000 - 0x74516000 	C:\WINDOWS\System32\WS2_32.dll
0x73410000 - 0x73434000 	C:\WINDOWS\SYSTEM32\WINMM.dll
0x733e0000 - 0x73403000 	C:\WINDOWS\SYSTEM32\winmmbase.dll
0x74470000 - 0x744a8000 	C:\WINDOWS\System32\cfgmgr32.dll
0x72cd0000 - 0x72cdc000 	C:\Program Files (x86)\Java\jdk1.8.0_144\jre\bin\verify.dll
0x72210000 - 0x72231000 	C:\Program Files (x86)\Java\jdk1.8.0_144\jre\bin\java.dll
0x724d0000 - 0x724e3000 	C:\Program Files (x86)\Java\jdk1.8.0_144\jre\bin\zip.dll
0x749b0000 - 0x75ce3000 	C:\WINDOWS\System32\SHELL32.dll
0x76d60000 - 0x76de8000 	C:\WINDOWS\System32\shcore.dll
0x765e0000 - 0x76ba6000 	C:\WINDOWS\System32\windows.storage.dll
0x740f0000 - 0x74135000 	C:\WINDOWS\System32\shlwapi.dll
0x748e0000 - 0x748ee000 	C:\WINDOWS\System32\kernel.appcore.dll
0x76370000 - 0x763b5000 	C:\WINDOWS\System32\powrprof.dll
0x74520000 - 0x74534000 	C:\WINDOWS\System32\profapi.dll
0x70bf0000 - 0x70d35000 	C:\Program Files (x86)\Java\jdk1.8.0_144\jre\bin\awt.dll
0x73a70000 - 0x73b03000 	C:\WINDOWS\System32\OLEAUT32.dll
0x729f0000 - 0x72a69000 	C:\WINDOWS\system32\uxtheme.dll
0x74320000 - 0x74464000 	C:\WINDOWS\System32\MSCTF.dll
0x724f0000 - 0x72513000 	C:\WINDOWS\system32\dwmapi.dll
0x764e0000 - 0x765d7000 	C:\WINDOWS\System32\ole32.dll
0x721d0000 - 0x72209000 	C:\Program Files (x86)\Java\jdk1.8.0_144\jre\bin\fontmanager.dll
0x70b10000 - 0x70bef000 	C:\WINDOWS\system32\opengl32.dll
0x71ba0000 - 0x71bc5000 	C:\WINDOWS\SYSTEM32\GLU32.dll
0x739b0000 - 0x73a32000 	C:\WINDOWS\System32\clbcatq.dll
0x70760000 - 0x708ce000 	C:\WINDOWS\SYSTEM32\WindowsCodecs.dll
0x63f90000 - 0x63fd8000 	C:\WINDOWS\system32\dataexchange.dll
0x70370000 - 0x705ae000 	C:\WINDOWS\system32\d3d11.dll
0x63e20000 - 0x63f1e000 	C:\WINDOWS\system32\dcomp.dll
0x72260000 - 0x722f2000 	C:\WINDOWS\system32\dxgi.dll
0x6d710000 - 0x6d844000 	C:\WINDOWS\system32\twinapi.appcore.dll
0x72190000 - 0x721aa000 	C:\WINDOWS\system32\RMCLIENT.dll
0x733c0000 - 0x733d9000 	C:\WINDOWS\system32\bcrypt.dll
0x72390000 - 0x723a6000 	C:\Program Files (x86)\Java\jdk1.8.0_144\jre\bin\net.dll
0x72da0000 - 0x72df5000 	C:\WINDOWS\system32\mswsock.dll
0x729e0000 - 0x729ef000 	C:\Program Files (x86)\Java\jdk1.8.0_144\jre\bin\nio.dll
0x71b60000 - 0x71b92000 	C:\Program Files (x86)\Java\jdk1.8.0_144\jre\bin\t2k.dll
0x70fa0000 - 0x71017000 	C:\WINDOWS\System32\TextInputFramework.dll
0x6bb00000 - 0x6bd34000 	C:\WINDOWS\System32\CoreUIComponents.dll
0x6b480000 - 0x6b50c000 	C:\WINDOWS\System32\CoreMessaging.dll
0x72e80000 - 0x72ea8000 	C:\WINDOWS\SYSTEM32\ntmarta.dll
0x6d640000 - 0x6d70b000 	C:\WINDOWS\SYSTEM32\wintypes.dll
0x719a0000 - 0x719c4000 	C:\Program Files (x86)\Java\jdk1.8.0_144\jre\bin\dcpr.dll
0x17740000 - 0x17768000 	C:\Program Files (x86)\Java\jdk1.8.0_144\jre\lib\ext\jpcap.dll
0x73830000 - 0x73860000 	C:\WINDOWS\SYSTEM32\iphlpapi.dll
0x17770000 - 0x177bc000 	C:\WINDOWS\SYSTEM32\wpcap.dll
0x177d0000 - 0x177e8000 	C:\WINDOWS\SYSTEM32\packet.dll
0x76ef0000 - 0x76ef7000 	C:\WINDOWS\System32\NSI.dll
0x72480000 - 0x72493000 	C:\WINDOWS\SYSTEM32\dhcpcsvc6.DLL
0x72160000 - 0x72174000 	C:\WINDOWS\SYSTEM32\dhcpcsvc.DLL
0x70e00000 - 0x70f81000 	C:\WINDOWS\SYSTEM32\dbghelp.dll

VM Arguments:
jvm_args: -Dfile.encoding=UTF-8 -Djava.library.path=C:\Program Files (x86)\Java\jdk1.8.0_144\bin 
java_command: jpcap.mainGui
java_class_path (initial): C:\Users\John\Documents\NetBeansProjects\JPCap\jpcap.jar;C:\Users\John\Documents\NetBeansProjects\JPCap\build\classes
Launcher Type: SUN_STANDARD

Environment Variables:
PATH=C:\ProgramData\Oracle\Java\javapath;C:\Program Files\Broadcom\Broadcom 802.11 Network Adapter;;C:\WINDOWS\system32;C:\WINDOWS;C:\WINDOWS\System32\Wbem;C:\WINDOWS\System32\WindowsPowerShell\v1.0\;C:\Program Files (x86)\ATI Technologies\ATI.ACE\Core-Static;C:\Users\John\AppData\Local\Programs\Python\Python35-32\Scripts\;C:\Users\John\AppData\Local\Programs\Python\Python35-32\;C:\Users\John\AppData\Local\Microsoft\WindowsApps;C:\Program Files (x86)\Microsoft VS Code\bin;C:\Modeltech_pe_edu_10.4a\win32pe_edu;C:\adb;C:\WINDOWS\system32;C:\WINDOWS;C:\WINDOWS\System32\Wbem;C:\WINDOWS\System32\WindowsPowerShell\v1.0\;c:\Program Files\Intel\WiFi\bin\;c:\Program Files\Common Files\Intel\WirelessCommon\;C:\Program Files\PuTTY\;C:\Users\John\AppData\Local\Programs\Fiddler;C:\Program Files (x86)\Nmap
USERNAME=John
OS=Windows_NT
PROCESSOR_IDENTIFIER=Intel64 Family 6 Model 61 Stepping 4, GenuineIntel



---------------  S Y S T E M  ---------------

OS: Windows 10.0 , 64 bit Build 16299 (10.0.16299.15)

CPU:total 4 (initial active 4) (2 cores per cpu, 2 threads per core) family 6 model 61 stepping 4, cmov, cx8, fxsr, mmx, sse, sse2, sse3, ssse3, sse4.1, sse4.2, popcnt, avx, avx2, aes, clmul, erms, 3dnowpref, lzcnt, ht, tsc, tscinvbit, bmi1, bmi2, adx

Memory: 4k page, physical 4107668k(871224k free), swap 8656720k(2588104k free)

vm_info: Java HotSpot(TM) Client VM (25.144-b01) for windows-x86 JRE (1.8.0_144-b01), built on Jul 21 2017 21:58:05 by "java_re" with MS VC++ 10.0 (VS2010)

time: Wed Nov 22 21:32:46 2017
elapsed time: 41 seconds (0d 0h 0m 41s)

