#
# A fatal error has been detected by the Java Runtime Environment:
#
#  EXCEPTION_ACCESS_VIOLATION (0xc0000005) at pc=0x17f52f31, pid=13280, tid=0x000019bc
#
# JRE version: Java(TM) SE Runtime Environment (8.0_144-b01) (build 1.8.0_144-b01)
# Java VM: Java HotSpot(TM) Client VM (25.144-b01 mixed mode windows-x86 )
# Problematic frame:
# C  [wpcap.dll+0x2f31]
#
# Failed to write core dump. Minidumps are not enabled by default on client versions of Windows
#
# If you would like to submit a bug report, please visit:
#   http://bugreport.java.com/bugreport/crash.jsp
# The crash happened outside the Java Virtual Machine in native code.
# See problematic frame for where to report the bug.
#

---------------  T H R E A D  ---------------

Current thread (0x17437400):  JavaThread "AWT-EventQueue-0" [_thread_in_native, id=6588, stack(0x185e0000,0x18630000)]

siginfo: ExceptionCode=0xc0000005, reading address 0x0000000c

Registers:
EAX=0x1862dd90, EBX=0x1812d020, ECX=0x00000000, EDX=0x1812d020
ESP=0x1862dd28, EBP=0x1862dd40, ESI=0x00000000, EDI=0x00000000
EIP=0x17f52f31, EFLAGS=0x00010246

Top of Stack: (sp=0x1862dd28)
0x1862dd28:   00000000 17437540 17f33b80 17437540
0x1862dd38:   1862e5f8 00000022 1862e5f4 17f52f0b
0x1862dd48:   00000000 1862dd90 1812d020 ffffffff
0x1862dd58:   00f8ffff 17437540 1812d020 17f21c6c
0x1862dd68:   00000000 1862dd90 1812d020 ffffffff
0x1862dd78:   00f8ffff 17437400 1872dc60 1862e5e0
0x1862dd88:   1872dc68 1812d020 1862de40 00000000
0x1862dd98:   18771958 00001370 00000000 04c02c43 

Instructions: (pc=0x17f52f31)
0x17f52f11:   f9 17 8b f0 ff 15 cc 90 f7 17 8b c6 5e 59 c3 55
0x17f52f21:   8b ec 83 ec 0c 53 8b 5d 10 56 57 8b 7d 08 33 f6
0x17f52f31:   39 77 0c 89 5d fc 74 3e 81 7f 20 c0 00 00 00 75
0x17f52f41:   35 8b c3 8d 50 01 8a 08 83 c0 01 84 c9 75 f7 2b 


Register to memory mapping:

EAX=0x1862dd90 is pointing into the stack for thread: 0x17437400
EBX=0x1812d020 is an unknown value
ECX=0x00000000 is an unknown value
EDX=0x1812d020 is an unknown value
ESP=0x1862dd28 is pointing into the stack for thread: 0x17437400
EBP=0x1862dd40 is pointing into the stack for thread: 0x17437400
ESI=0x00000000 is an unknown value
EDI=0x00000000 is an unknown value


Stack: [0x185e0000,0x18630000],  sp=0x1862dd28,  free space=311k
Native frames: (J=compiled Java code, j=interpreted, Vv=VM code, C=native code)
C  [wpcap.dll+0x2f31]
C  [wpcap.dll+0x2f0b]
C  0x072d2070

Java frames: (J=compiled Java code, j=interpreted, Vv=VM code)
j  jpcap.JpcapCaptor.setFilter(Ljava/lang/String;Z)V+0
j  jpcap.mainGui.B_FILTERActionPerformed(Ljava/awt/event/ActionEvent;)V+52
j  jpcap.mainGui.access$1000(Ljpcap/mainGui;Ljava/awt/event/ActionEvent;)V+2
j  jpcap.mainGui$11.actionPerformed(Ljava/awt/event/ActionEvent;)V+5
j  javax.swing.AbstractButton.fireActionPerformed(Ljava/awt/event/ActionEvent;)V+83
j  javax.swing.AbstractButton$Handler.actionPerformed(Ljava/awt/event/ActionEvent;)V+5
j  javax.swing.DefaultButtonModel.fireActionPerformed(Ljava/awt/event/ActionEvent;)V+34
j  javax.swing.DefaultButtonModel.setPressed(Z)V+117
j  javax.swing.plaf.basic.BasicButtonListener.mouseReleased(Ljava/awt/event/MouseEvent;)V+35
j  java.awt.Component.processMouseEvent(Ljava/awt/event/MouseEvent;)V+64
j  javax.swing.JComponent.processMouseEvent(Ljava/awt/event/MouseEvent;)V+23
j  java.awt.Component.processEvent(Ljava/awt/AWTEvent;)V+81
j  java.awt.Container.processEvent(Ljava/awt/AWTEvent;)V+18
j  java.awt.Component.dispatchEventImpl(Ljava/awt/AWTEvent;)V+589
j  java.awt.Container.dispatchEventImpl(Ljava/awt/AWTEvent;)V+42
J 401 C1 java.awt.LightweightDispatcher.retargetMouseEvent(Ljava/awt/Component;ILjava/awt/event/MouseEvent;)V (350 bytes) @ 0x04d268ec [0x04d26300+0x5ec]
j  java.awt.LightweightDispatcher.processMouseEvent(Ljava/awt/event/MouseEvent;)Z+155
j  java.awt.LightweightDispatcher.dispatchEvent(Ljava/awt/AWTEvent;)Z+50
j  java.awt.Container.dispatchEventImpl(Ljava/awt/AWTEvent;)V+12
j  java.awt.Window.dispatchEventImpl(Ljava/awt/AWTEvent;)V+19
j  java.awt.Component.dispatchEvent(Ljava/awt/AWTEvent;)V+2
j  java.awt.EventQueue.dispatchEventImpl(Ljava/awt/AWTEvent;Ljava/lang/Object;)V+41
j  java.awt.EventQueue.access$500(Ljava/awt/EventQueue;Ljava/awt/AWTEvent;Ljava/lang/Object;)V+3
j  java.awt.EventQueue$3.run()Ljava/lang/Void;+32
j  java.awt.EventQueue$3.run()Ljava/lang/Object;+1
v  ~StubRoutines::call_stub
J 486  java.security.AccessController.doPrivileged(Ljava/security/PrivilegedAction;Ljava/security/AccessControlContext;)Ljava/lang/Object; (0 bytes) @ 0x04d4c407 [0x04d4c3a0+0x67]
J 492 C1 java.security.ProtectionDomain$JavaSecurityAccessImpl.doIntersectionPrivilege(Ljava/security/PrivilegedAction;Ljava/security/AccessControlContext;Ljava/security/AccessControlContext;)Ljava/lang/Object; (22 bytes) @ 0x04d4e1c0 [0x04d4e0c0+0x100]
j  java.security.ProtectionDomain$JavaSecurityAccessImpl.doIntersectionPrivilege(Ljava/security/PrivilegedAction;Ljava/security/AccessControlContext;)Ljava/lang/Object;+6
j  java.awt.EventQueue$4.run()Ljava/lang/Void;+11
j  java.awt.EventQueue$4.run()Ljava/lang/Object;+1
v  ~StubRoutines::call_stub
J 486  java.security.AccessController.doPrivileged(Ljava/security/PrivilegedAction;Ljava/security/AccessControlContext;)Ljava/lang/Object; (0 bytes) @ 0x04d4c407 [0x04d4c3a0+0x67]
J 492 C1 java.security.ProtectionDomain$JavaSecurityAccessImpl.doIntersectionPrivilege(Ljava/security/PrivilegedAction;Ljava/security/AccessControlContext;Ljava/security/AccessControlContext;)Ljava/lang/Object; (22 bytes) @ 0x04d4e1c0 [0x04d4e0c0+0x100]
j  java.awt.EventQueue.dispatchEvent(Ljava/awt/AWTEvent;)V+73
J 435 C1 java.awt.EventDispatchThread.pumpOneEventForFilters(I)V (295 bytes) @ 0x04d3d550 [0x04d3cec0+0x690]
j  java.awt.EventDispatchThread.pumpEventsForFilter(ILjava/awt/Conditional;Ljava/awt/EventFilter;)V+35
j  java.awt.EventDispatchThread.pumpEventsForHierarchy(ILjava/awt/Conditional;Ljava/awt/Component;)V+11
j  java.awt.EventDispatchThread.pumpEvents(ILjava/awt/Conditional;)V+4
j  java.awt.EventDispatchThread.pumpEvents(Ljava/awt/Conditional;)V+3
j  java.awt.EventDispatchThread.run()V+9
v  ~StubRoutines::call_stub

---------------  P R O C E S S  ---------------

Java Threads: ( => current thread )
  0x1830e800 JavaThread "TimerQueue" daemon [_thread_blocked, id=13028, stack(0x17ed0000,0x17f20000)]
  0x0118bc00 JavaThread "DestroyJavaVM" [_thread_blocked, id=14076, stack(0x01220000,0x01270000)]
=>0x17437400 JavaThread "AWT-EventQueue-0" [_thread_in_native, id=6588, stack(0x185e0000,0x18630000)]
  0x173fb000 JavaThread "AWT-Windows" daemon [_thread_in_native, id=1984, stack(0x17b50000,0x17ba0000)]
  0x173f8000 JavaThread "AWT-Shutdown" [_thread_blocked, id=10656, stack(0x17ac0000,0x17b10000)]
  0x17420400 JavaThread "Java2D Disposer" daemon [_thread_blocked, id=2680, stack(0x17a30000,0x17a80000)]
  0x1729d000 JavaThread "Service Thread" daemon [_thread_blocked, id=7916, stack(0x17820000,0x17870000)]
  0x17299400 JavaThread "C1 CompilerThread0" daemon [_thread_blocked, id=7660, stack(0x17790000,0x177e0000)]
  0x17298000 JavaThread "Attach Listener" daemon [_thread_blocked, id=8884, stack(0x17700000,0x17750000)]
  0x17296000 JavaThread "Signal Dispatcher" daemon [_thread_blocked, id=2444, stack(0x17670000,0x176c0000)]
  0x17279400 JavaThread "Finalizer" daemon [_thread_blocked, id=1356, stack(0x174f0000,0x17540000)]
  0x17263800 JavaThread "Reference Handler" daemon [_thread_blocked, id=14088, stack(0x17460000,0x174b0000)]

Other Threads:
  0x04bfcc00 VMThread [stack: 0x06d50000,0x06da0000] [id=1620]
  0x172a0c00 WatcherThread [stack: 0x178b0000,0x17900000] [id=1872]

VM state:not at safepoint (normal execution)

VM Mutex/Monitor currently owned by a thread: None

Heap:
 def new generation   total 4928K, used 703K [0x06e00000, 0x07350000, 0x0c350000)
  eden space 4416K,   7% used [0x06e00000, 0x06e4f2e0, 0x07250000)
  from space 512K,  75% used [0x072d0000, 0x07330c80, 0x07350000)
  to   space 512K,   0% used [0x07250000, 0x07250000, 0x072d0000)
 tenured generation   total 10944K, used 3058K [0x0c350000, 0x0ce00000, 0x16e00000)
   the space 10944K,  27% used [0x0c350000, 0x0c64cb60, 0x0c64cc00, 0x0ce00000)
 Metaspace       used 7729K, capacity 7930K, committed 8064K, reserved 8576K

Card table byte_map: [0x06c80000,0x06d10000] byte_map_base: 0x06c49000

Polling page: 0x01170000

CodeCache: size=32768Kb used=1372Kb max_used=1372Kb free=31395Kb
 bounds [0x04c00000, 0x04d58000, 0x06c00000]
 total_blobs=768 nmethods=534 adapters=164
 compilation: enabled

Compilation events (10 events):
Event: 23.206 Thread 0x17299400  532             sun.java2d.SunGraphics2D::setFont (105 bytes)
Event: 23.207 Thread 0x17299400 nmethod 532 0x04d56448 code [0x04d56560, 0x04d56828]
Event: 23.207 Thread 0x17299400  533             sun.java2d.SunGraphics2D::getSurfaceData (5 bytes)
Event: 23.207 Thread 0x17299400 nmethod 533 0x04d56988 code [0x04d56a80, 0x04d56b00]
Event: 23.574 Thread 0x17299400  535             java.lang.reflect.Field::getFieldAccessor (35 bytes)
Event: 23.574 Thread 0x17299400 nmethod 535 0x04d56dc8 code [0x04d56ec0, 0x04d56f7c]
Event: 23.575 Thread 0x17299400  536             java.lang.reflect.Field::getDeclaringClass (5 bytes)
Event: 23.575 Thread 0x17299400 nmethod 536 0x04d57008 code [0x04d57100, 0x04d57180]
Event: 23.891 Thread 0x17299400  537             java.awt.geom.RoundRectIterator::next (11 bytes)
Event: 23.891 Thread 0x17299400 nmethod 537 0x04d571c8 code [0x04d572c0, 0x04d57340]

GC Heap History (6 events):
Event: 0.384 GC heap before
{Heap before GC invocations=0 (full 0):
 def new generation   total 4928K, used 4416K [0x06e00000, 0x07350000, 0x0c350000)
  eden space 4416K, 100% used [0x06e00000, 0x07250000, 0x07250000)
  from space 512K,   0% used [0x07250000, 0x07250000, 0x072d0000)
  to   space 512K,   0% used [0x072d0000, 0x072d0000, 0x07350000)
 tenured generation   total 10944K, used 0K [0x0c350000, 0x0ce00000, 0x16e00000)
   the space 10944K,   0% used [0x0c350000, 0x0c350000, 0x0c350200, 0x0ce00000)
 Metaspace       used 6872K, capacity 7055K, committed 7168K, reserved 7552K
Event: 0.391 GC heap after
Heap after GC invocations=1 (full 0):
 def new generation   total 4928K, used 512K [0x06e00000, 0x07350000, 0x0c350000)
  eden space 4416K,   0% used [0x06e00000, 0x06e00000, 0x07250000)
  from space 512K, 100% used [0x072d0000, 0x07350000, 0x07350000)
  to   space 512K,   0% used [0x07250000, 0x07250000, 0x072d0000)
 tenured generation   total 10944K, used 1114K [0x0c350000, 0x0ce00000, 0x16e00000)
   the space 10944K,  10% used [0x0c350000, 0x0c466b50, 0x0c466c00, 0x0ce00000)
 Metaspace       used 6872K, capacity 7055K, committed 7168K, reserved 7552K
}
Event: 11.449 GC heap before
{Heap before GC invocations=1 (full 0):
 def new generation   total 4928K, used 4924K [0x06e00000, 0x07350000, 0x0c350000)
  eden space 4416K,  99% used [0x06e00000, 0x0724f050, 0x07250000)
  from space 512K, 100% used [0x072d0000, 0x07350000, 0x07350000)
  to   space 512K,   0% used [0x07250000, 0x07250000, 0x072d0000)
 tenured generation   total 10944K, used 1114K [0x0c350000, 0x0ce00000, 0x16e00000)
   the space 10944K,  10% used [0x0c350000, 0x0c466b50, 0x0c466c00, 0x0ce00000)
 Metaspace       used 7667K, capacity 7863K, committed 7936K, reserved 8576K
Event: 11.454 GC heap after
Heap after GC invocations=2 (full 0):
 def new generation   total 4928K, used 368K [0x06e00000, 0x07350000, 0x0c350000)
  eden space 4416K,   0% used [0x06e00000, 0x06e00000, 0x07250000)
  from space 512K,  71% used [0x07250000, 0x072ac200, 0x072d0000)
  to   space 512K,   0% used [0x072d0000, 0x072d0000, 0x07350000)
 tenured generation   total 10944K, used 2712K [0x0c350000, 0x0ce00000, 0x16e00000)
   the space 10944K,  24% used [0x0c350000, 0x0c5f6260, 0x0c5f6400, 0x0ce00000)
 Metaspace       used 7667K, capacity 7863K, committed 7936K, reserved 8576K
}
Event: 23.706 GC heap before
{Heap before GC invocations=2 (full 0):
 def new generation   total 4928K, used 4784K [0x06e00000, 0x07350000, 0x0c350000)
  eden space 4416K, 100% used [0x06e00000, 0x07250000, 0x07250000)
  from space 512K,  71% used [0x07250000, 0x072ac200, 0x072d0000)
  to   space 512K,   0% used [0x072d0000, 0x072d0000, 0x07350000)
 tenured generation   total 10944K, used 2712K [0x0c350000, 0x0ce00000, 0x16e00000)
   the space 10944K,  24% used [0x0c350000, 0x0c5f6260, 0x0c5f6400, 0x0ce00000)
 Metaspace       used 7729K, capacity 7930K, committed 8064K, reserved 8576K
Event: 23.708 GC heap after
Heap after GC invocations=3 (full 0):
 def new generation   total 4928K, used 387K [0x06e00000, 0x07350000, 0x0c350000)
  eden space 4416K,   0% used [0x06e00000, 0x06e00000, 0x07250000)
  from space 512K,  75% used [0x072d0000, 0x07330c80, 0x07350000)
  to   space 512K,   0% used [0x07250000, 0x07250000, 0x072d0000)
 tenured generation   total 10944K, used 3058K [0x0c350000, 0x0ce00000, 0x16e00000)
   the space 10944K,  27% used [0x0c350000, 0x0c64cb60, 0x0c64cc00, 0x0ce00000)
 Metaspace       used 7729K, capacity 7930K, committed 8064K, reserved 8576K
}

Deoptimization events (0 events):
No events

Internal exceptions (10 events):
Event: 0.241 Thread 0x0118bc00 Exception <a 'java/lang/ClassNotFoundException': ToolBar> (0x070be060) thrown at [C:\workspace\8-2-build-windows-i586-cygwin\jdk8u144\9417\hotspot\src\share\vm\classfile\systemDictionary.cpp, line 210]
Event: 0.241 Thread 0x0118bc00 Exception <a 'java/lang/ClassNotFoundException': ToggleButton> (0x070be5a8) thrown at [C:\workspace\8-2-build-windows-i586-cygwin\jdk8u144\9417\hotspot\src\share\vm\classfile\systemDictionary.cpp, line 210]
Event: 0.242 Thread 0x0118bc00 Exception <a 'java/lang/ClassNotFoundException': javax/swing/JToolBarSeparator> (0x070be9b0) thrown at [C:\workspace\8-2-build-windows-i586-cygwin\jdk8u144\9417\hotspot\src\share\vm\classfile\systemDictionary.cpp, line 210]
Event: 0.242 Thread 0x0118bc00 Exception <a 'java/lang/ClassNotFoundException': ToolBarSeparator> (0x070bee08) thrown at [C:\workspace\8-2-build-windows-i586-cygwin\jdk8u144\9417\hotspot\src\share\vm\classfile\systemDictionary.cpp, line 210]
Event: 0.242 Thread 0x0118bc00 Exception <a 'java/lang/ClassNotFoundException': ToolTip> (0x070bf4b0) thrown at [C:\workspace\8-2-build-windows-i586-cygwin\jdk8u144\9417\hotspot\src\share\vm\classfile\systemDictionary.cpp, line 210]
Event: 0.243 Thread 0x0118bc00 Exception <a 'java/lang/ClassNotFoundException': Tree> (0x070bffa8) thrown at [C:\workspace\8-2-build-windows-i586-cygwin\jdk8u144\9417\hotspot\src\share\vm\classfile\systemDictionary.cpp, line 210]
Event: 0.243 Thread 0x0118bc00 Exception <a 'java/lang/ClassNotFoundException': Tree> (0x070c0648) thrown at [C:\workspace\8-2-build-windows-i586-cygwin\jdk8u144\9417\hotspot\src\share\vm\classfile\systemDictionary.cpp, line 210]
Event: 0.243 Thread 0x0118bc00 Exception <a 'java/lang/ClassNotFoundException': javax/swing/JTreeCell> (0x070c0980) thrown at [C:\workspace\8-2-build-windows-i586-cygwin\jdk8u144\9417\hotspot\src\share\vm\classfile\systemDictionary.cpp, line 210]
Event: 0.243 Thread 0x0118bc00 Exception <a 'java/lang/ClassNotFoundException': TreeCell> (0x070c0dc8) thrown at [C:\workspace\8-2-build-windows-i586-cygwin\jdk8u144\9417\hotspot\src\share\vm\classfile\systemDictionary.cpp, line 210]
Event: 0.243 Thread 0x0118bc00 Exception <a 'java/lang/ClassNotFoundException': RootPane> (0x070c1740) thrown at [C:\workspace\8-2-build-windows-i586-cygwin\jdk8u144\9417\hotspot\src\share\vm\classfile\systemDictionary.cpp, line 210]

Events (10 events):
Event: 23.706 Executing VM operation: GenCollectForAllocation
Event: 23.708 Executing VM operation: GenCollectForAllocation done
Event: 23.708 Executing VM operation: RevokeBias
Event: 23.709 Executing VM operation: RevokeBias done
Event: 23.709 Executing VM operation: RevokeBias
Event: 23.709 Executing VM operation: RevokeBias done
Event: 23.709 Executing VM operation: RevokeBias
Event: 23.709 Executing VM operation: RevokeBias done
Event: 23.709 Executing VM operation: RevokeBias
Event: 23.709 Executing VM operation: RevokeBias done


Dynamic libraries:
0x01310000 - 0x01343000 	C:\Program Files (x86)\Java\jdk1.8.0_144\bin\java.exe
0x76f70000 - 0x770fd000 	C:\WINDOWS\SYSTEM32\ntdll.dll
0x76c90000 - 0x76d60000 	C:\WINDOWS\System32\KERNEL32.DLL
0x74140000 - 0x74317000 	C:\WINDOWS\System32\KERNELBASE.dll
0x728a0000 - 0x7293a000 	C:\WINDOWS\SYSTEM32\apphelp.dll
0x73e90000 - 0x73f08000 	C:\WINDOWS\System32\ADVAPI32.dll
0x748f0000 - 0x749ad000 	C:\WINDOWS\System32\msvcrt.dll
0x74710000 - 0x74753000 	C:\WINDOWS\System32\sechost.dll
0x76e00000 - 0x76ebe000 	C:\WINDOWS\System32\RPCRT4.dll
0x73990000 - 0x739b0000 	C:\WINDOWS\System32\SspiCli.dll
0x73980000 - 0x7398a000 	C:\WINDOWS\System32\CRYPTBASE.dll
0x73e30000 - 0x73e87000 	C:\WINDOWS\System32\bcryptPrimitives.dll
0x73f70000 - 0x740e5000 	C:\WINDOWS\System32\USER32.dll
0x74870000 - 0x74886000 	C:\WINDOWS\System32\win32u.dll
0x73a40000 - 0x73a62000 	C:\WINDOWS\System32\GDI32.dll
0x73b30000 - 0x73c8f000 	C:\WINDOWS\System32\gdi32full.dll
0x74760000 - 0x747dc000 	C:\WINDOWS\System32\msvcp_win.dll
0x763c0000 - 0x764d7000 	C:\WINDOWS\System32\ucrtbase.dll
0x73050000 - 0x73261000 	C:\WINDOWS\WinSxS\x86_microsoft.windows.common-controls_6595b64144ccf1df_6.0.16299.64_none_14403bb93691f395\COMCTL32.dll
0x75cf0000 - 0x75f36000 	C:\WINDOWS\System32\combase.dll
0x76ec0000 - 0x76ee5000 	C:\WINDOWS\System32\IMM32.DLL
0x70d40000 - 0x70dff000 	C:\Program Files (x86)\Java\jdk1.8.0_144\jre\bin\msvcr100.dll
0x6ffa0000 - 0x7036e000 	C:\Program Files (x86)\Java\jdk1.8.0_144\jre\bin\client\jvm.dll
0x76f60000 - 0x76f66000 	C:\WINDOWS\System32\PSAPI.DLL
0x73930000 - 0x73938000 	C:\WINDOWS\SYSTEM32\VERSION.dll
0x73410000 - 0x73434000 	C:\WINDOWS\SYSTEM32\WINMM.dll
0x73040000 - 0x73048000 	C:\WINDOWS\SYSTEM32\WSOCK32.dll
0x744b0000 - 0x74516000 	C:\WINDOWS\System32\WS2_32.dll
0x733e0000 - 0x73403000 	C:\WINDOWS\SYSTEM32\winmmbase.dll
0x74470000 - 0x744a8000 	C:\WINDOWS\System32\cfgmgr32.dll
0x72cd0000 - 0x72cdc000 	C:\Program Files (x86)\Java\jdk1.8.0_144\jre\bin\verify.dll
0x72210000 - 0x72231000 	C:\Program Files (x86)\Java\jdk1.8.0_144\jre\bin\java.dll
0x724d0000 - 0x724e3000 	C:\Program Files (x86)\Java\jdk1.8.0_144\jre\bin\zip.dll
0x749b0000 - 0x75ce3000 	C:\WINDOWS\System32\SHELL32.dll
0x76d60000 - 0x76de8000 	C:\WINDOWS\System32\shcore.dll
0x765e0000 - 0x76ba6000 	C:\WINDOWS\System32\windows.storage.dll
0x740f0000 - 0x74135000 	C:\WINDOWS\System32\shlwapi.dll
0x748e0000 - 0x748ee000 	C:\WINDOWS\System32\kernel.appcore.dll
0x76370000 - 0x763b5000 	C:\WINDOWS\System32\powrprof.dll
0x74520000 - 0x74534000 	C:\WINDOWS\System32\profapi.dll
0x70bf0000 - 0x70d35000 	C:\Program Files (x86)\Java\jdk1.8.0_144\jre\bin\awt.dll
0x73a70000 - 0x73b03000 	C:\WINDOWS\System32\OLEAUT32.dll
0x729f0000 - 0x72a69000 	C:\WINDOWS\system32\uxtheme.dll
0x74320000 - 0x74464000 	C:\WINDOWS\System32\MSCTF.dll
0x724f0000 - 0x72513000 	C:\WINDOWS\system32\dwmapi.dll
0x764e0000 - 0x765d7000 	C:\WINDOWS\System32\ole32.dll
0x721d0000 - 0x72209000 	C:\Program Files (x86)\Java\jdk1.8.0_144\jre\bin\fontmanager.dll
0x70b10000 - 0x70bef000 	C:\WINDOWS\system32\opengl32.dll
0x71ba0000 - 0x71bc5000 	C:\WINDOWS\SYSTEM32\GLU32.dll
0x739b0000 - 0x73a32000 	C:\WINDOWS\System32\clbcatq.dll
0x70760000 - 0x708ce000 	C:\WINDOWS\SYSTEM32\WindowsCodecs.dll
0x63f90000 - 0x63fd8000 	C:\WINDOWS\system32\dataexchange.dll
0x63e20000 - 0x63f1e000 	C:\WINDOWS\system32\dcomp.dll
0x70370000 - 0x705ae000 	C:\WINDOWS\system32\d3d11.dll
0x72260000 - 0x722f2000 	C:\WINDOWS\system32\dxgi.dll
0x6d710000 - 0x6d844000 	C:\WINDOWS\system32\twinapi.appcore.dll
0x72190000 - 0x721aa000 	C:\WINDOWS\system32\RMCLIENT.dll
0x733c0000 - 0x733d9000 	C:\WINDOWS\system32\bcrypt.dll
0x72390000 - 0x723a6000 	C:\Program Files (x86)\Java\jdk1.8.0_144\jre\bin\net.dll
0x72da0000 - 0x72df5000 	C:\WINDOWS\system32\mswsock.dll
0x729e0000 - 0x729ef000 	C:\Program Files (x86)\Java\jdk1.8.0_144\jre\bin\nio.dll
0x71b60000 - 0x71b92000 	C:\Program Files (x86)\Java\jdk1.8.0_144\jre\bin\t2k.dll
0x70fa0000 - 0x71017000 	C:\WINDOWS\System32\TextInputFramework.dll
0x6b480000 - 0x6b50c000 	C:\WINDOWS\System32\CoreMessaging.dll
0x6bb00000 - 0x6bd34000 	C:\WINDOWS\System32\CoreUIComponents.dll
0x72e80000 - 0x72ea8000 	C:\WINDOWS\SYSTEM32\ntmarta.dll
0x6d640000 - 0x6d70b000 	C:\WINDOWS\SYSTEM32\wintypes.dll
0x719a0000 - 0x719c4000 	C:\Program Files (x86)\Java\jdk1.8.0_144\jre\bin\dcpr.dll
0x17f20000 - 0x17f48000 	C:\Program Files (x86)\Java\jdk1.8.0_144\jre\lib\ext\jpcap.dll
0x73830000 - 0x73860000 	C:\WINDOWS\SYSTEM32\iphlpapi.dll
0x17f50000 - 0x17f9c000 	C:\WINDOWS\SYSTEM32\wpcap.dll
0x17fb0000 - 0x17fc8000 	C:\WINDOWS\SYSTEM32\packet.dll
0x76ef0000 - 0x76ef7000 	C:\WINDOWS\System32\NSI.dll
0x72480000 - 0x72493000 	C:\WINDOWS\SYSTEM32\dhcpcsvc6.DLL
0x72160000 - 0x72174000 	C:\WINDOWS\SYSTEM32\dhcpcsvc.DLL
0x70e00000 - 0x70f81000 	C:\WINDOWS\SYSTEM32\dbghelp.dll

VM Arguments:
jvm_args: -Dfile.encoding=UTF-8 -Djava.library.path=C:\Program Files (x86)\Java\jdk1.8.0_144\bin 
java_command: jpcap.mainGui
java_class_path (initial): C:\Users\John\Documents\NetBeansProjects\JPCap\jpcap.jar;C:\Users\John\Documents\NetBeansProjects\JPCap\build\classes
Launcher Type: SUN_STANDARD

Environment Variables:
PATH=C:\ProgramData\Oracle\Java\javapath;C:\Program Files\Broadcom\Broadcom 802.11 Network Adapter;;C:\WINDOWS\system32;C:\WINDOWS;C:\WINDOWS\System32\Wbem;C:\WINDOWS\System32\WindowsPowerShell\v1.0\;C:\Program Files (x86)\ATI Technologies\ATI.ACE\Core-Static;C:\Users\John\AppData\Local\Programs\Python\Python35-32\Scripts\;C:\Users\John\AppData\Local\Programs\Python\Python35-32\;C:\Users\John\AppData\Local\Microsoft\WindowsApps;C:\Program Files (x86)\Microsoft VS Code\bin;C:\Modeltech_pe_edu_10.4a\win32pe_edu;C:\adb;C:\WINDOWS\system32;C:\WINDOWS;C:\WINDOWS\System32\Wbem;C:\WINDOWS\System32\WindowsPowerShell\v1.0\;c:\Program Files\Intel\WiFi\bin\;c:\Program Files\Common Files\Intel\WirelessCommon\;C:\Program Files\PuTTY\;C:\Users\John\AppData\Local\Programs\Fiddler;C:\Program Files (x86)\Nmap
USERNAME=John
OS=Windows_NT
PROCESSOR_IDENTIFIER=Intel64 Family 6 Model 61 Stepping 4, GenuineIntel



---------------  S Y S T E M  ---------------

OS: Windows 10.0 , 64 bit Build 16299 (10.0.16299.15)

CPU:total 4 (initial active 4) (2 cores per cpu, 2 threads per core) family 6 model 61 stepping 4, cmov, cx8, fxsr, mmx, sse, sse2, sse3, ssse3, sse4.1, sse4.2, popcnt, avx, avx2, aes, clmul, erms, 3dnowpref, lzcnt, ht, tsc, tscinvbit, bmi1, bmi2, adx

Memory: 4k page, physical 4107668k(734760k free), swap 8656720k(2557480k free)

vm_info: Java HotSpot(TM) Client VM (25.144-b01) for windows-x86 JRE (1.8.0_144-b01), built on Jul 21 2017 21:58:05 by "java_re" with MS VC++ 10.0 (VS2010)

time: Wed Nov 22 21:31:54 2017
elapsed time: 24 seconds (0d 0h 0m 24s)

