#
# A fatal error has been detected by the Java Runtime Environment:
#
#  EXCEPTION_ACCESS_VIOLATION (0xc0000005) at pc=0x18242f31, pid=11632, tid=0x00002b40
#
# JRE version: Java(TM) SE Runtime Environment (8.0_144-b01) (build 1.8.0_144-b01)
# Java VM: Java HotSpot(TM) Client VM (25.144-b01 mixed mode, sharing windows-x86 )
# Problematic frame:
# C  [wpcap.dll+0x2f31]
#
# Failed to write core dump. Minidumps are not enabled by default on client versions of Windows
#
# If you would like to submit a bug report, please visit:
#   http://bugreport.java.com/bugreport/crash.jsp
# The crash happened outside the Java Virtual Machine in native code.
# See problematic frame for where to report the bug.
#

---------------  T H R E A D  ---------------

Current thread (0x17b29c00):  JavaThread "AWT-EventQueue-0" [_thread_in_native, id=11072, stack(0x17f30000,0x17f80000)]

siginfo: ExceptionCode=0xc0000005, reading address 0x0000000c

Registers:
EAX=0x17f7dce0, EBX=0x18cd0420, ECX=0x00000000, EDX=0x18cd0420
ESP=0x17f7dc78, EBP=0x17f7dc90, ESI=0x00000000, EDI=0x00000000
EIP=0x18242f31, EFLAGS=0x00010246

Top of Stack: (sp=0x17f7dc78)
0x17f7dc78:   00000000 17b29d40 18223b80 17b29d40
0x17f7dc88:   17f7e540 00000022 17f7e53c 18242f0b
0x17f7dc98:   00000000 17f7dce0 18cd0420 ffffffff
0x17f7dca8:   00f8ffff 17b29d40 18cd0420 18211c6c
0x17f7dcb8:   00000000 17f7dce0 18cd0420 ffffffff
0x17f7dcc8:   00f8ffff 17b29c00 1708a860 17f7e528
0x17f7dcd8:   1708a868 18cd0420 7011cc02 00000000
0x17f7dce8:   044544e0 00000003 00000000 00000000 

Instructions: (pc=0x18242f31)
0x18242f11:   28 18 8b f0 ff 15 cc 90 26 18 8b c6 5e 59 c3 55
0x18242f21:   8b ec 83 ec 0c 53 8b 5d 10 56 57 8b 7d 08 33 f6
0x18242f31:   39 77 0c 89 5d fc 74 3e 81 7f 20 c0 00 00 00 75
0x18242f41:   35 8b c3 8d 50 01 8a 08 83 c0 01 84 c9 75 f7 2b 


Register to memory mapping:

EAX=0x17f7dce0 is pointing into the stack for thread: 0x17b29c00
EBX=0x18cd0420 is an unknown value
ECX=0x00000000 is an unknown value
EDX=0x18cd0420 is an unknown value
ESP=0x17f7dc78 is pointing into the stack for thread: 0x17b29c00
EBP=0x17f7dc90 is pointing into the stack for thread: 0x17b29c00
ESI=0x00000000 is an unknown value
EDI=0x00000000 is an unknown value


Stack: [0x17f30000,0x17f80000],  sp=0x17f7dc78,  free space=311k
Native frames: (J=compiled Java code, j=interpreted, Vv=VM code, C=native code)
C  [wpcap.dll+0x2f31]
C  [wpcap.dll+0x2f0b]
C  0x06702b80

Java frames: (J=compiled Java code, j=interpreted, Vv=VM code)
j  jpcap.JpcapCaptor.setFilter(Ljava/lang/String;Z)V+0
j  jpcap.mainGui.B_FILTERActionPerformed(Ljava/awt/event/ActionEvent;)V+75
j  jpcap.mainGui.access$1000(Ljpcap/mainGui;Ljava/awt/event/ActionEvent;)V+2
j  jpcap.mainGui$11.actionPerformed(Ljava/awt/event/ActionEvent;)V+5
j  javax.swing.AbstractButton.fireActionPerformed(Ljava/awt/event/ActionEvent;)V+83
j  javax.swing.AbstractButton$Handler.actionPerformed(Ljava/awt/event/ActionEvent;)V+5
j  javax.swing.DefaultButtonModel.fireActionPerformed(Ljava/awt/event/ActionEvent;)V+34
j  javax.swing.DefaultButtonModel.setPressed(Z)V+117
j  javax.swing.plaf.basic.BasicButtonListener.mouseReleased(Ljava/awt/event/MouseEvent;)V+35
j  java.awt.Component.processMouseEvent(Ljava/awt/event/MouseEvent;)V+64
j  javax.swing.JComponent.processMouseEvent(Ljava/awt/event/MouseEvent;)V+23
j  java.awt.Component.processEvent(Ljava/awt/AWTEvent;)V+81
j  java.awt.Container.processEvent(Ljava/awt/AWTEvent;)V+18
j  java.awt.Component.dispatchEventImpl(Ljava/awt/AWTEvent;)V+589
J 561 C1 java.awt.Container.dispatchEventImpl(Ljava/awt/AWTEvent;)V (129 bytes) @ 0x045b0bbc [0x045b0b60+0x5c]
J 376 C1 java.awt.LightweightDispatcher.retargetMouseEvent(Ljava/awt/Component;ILjava/awt/event/MouseEvent;)V (350 bytes) @ 0x0456cd3c [0x0456c6f0+0x64c]
j  java.awt.LightweightDispatcher.processMouseEvent(Ljava/awt/event/MouseEvent;)Z+155
j  java.awt.LightweightDispatcher.dispatchEvent(Ljava/awt/AWTEvent;)Z+50
J 561 C1 java.awt.Container.dispatchEventImpl(Ljava/awt/AWTEvent;)V (129 bytes) @ 0x045b0ba0 [0x045b0b60+0x40]
j  java.awt.Window.dispatchEventImpl(Ljava/awt/AWTEvent;)V+19
J 533 C1 java.awt.EventQueue.dispatchEventImpl(Ljava/awt/AWTEvent;Ljava/lang/Object;)V (149 bytes) @ 0x045a5ddc [0x045a5990+0x44c]
J 612 C1 java.awt.EventQueue$3.run()Ljava/lang/Void; (60 bytes) @ 0x045bf01c [0x045befc0+0x5c]
J 611 C1 java.awt.EventQueue$3.run()Ljava/lang/Object; (5 bytes) @ 0x045beda0 [0x045bed80+0x20]
v  ~StubRoutines::call_stub
J 518  java.security.AccessController.doPrivileged(Ljava/security/PrivilegedAction;Ljava/security/AccessControlContext;)Ljava/lang/Object; (0 bytes) @ 0x04588107 [0x045880a0+0x67]
J 444 C1 java.security.ProtectionDomain$JavaSecurityAccessImpl.doIntersectionPrivilege(Ljava/security/PrivilegedAction;Ljava/security/AccessControlContext;Ljava/security/AccessControlContext;)Ljava/lang/Object; (22 bytes) @ 0x04591dc0 [0x04591cc0+0x100]
j  java.security.ProtectionDomain$JavaSecurityAccessImpl.doIntersectionPrivilege(Ljava/security/PrivilegedAction;Ljava/security/AccessControlContext;)Ljava/lang/Object;+6
j  java.awt.EventQueue$4.run()Ljava/lang/Void;+11
j  java.awt.EventQueue$4.run()Ljava/lang/Object;+1
v  ~StubRoutines::call_stub
J 518  java.security.AccessController.doPrivileged(Ljava/security/PrivilegedAction;Ljava/security/AccessControlContext;)Ljava/lang/Object; (0 bytes) @ 0x04588107 [0x045880a0+0x67]
J 528 C1 java.awt.EventQueue.dispatchEvent(Ljava/awt/AWTEvent;)V (80 bytes) @ 0x045a459c [0x045a4240+0x35c]
J 441 C1 java.awt.EventDispatchThread.pumpOneEventForFilters(I)V (295 bytes) @ 0x0458ff50 [0x0458f8c0+0x690]
j  java.awt.EventDispatchThread.pumpEventsForFilter(ILjava/awt/Conditional;Ljava/awt/EventFilter;)V+35
j  java.awt.EventDispatchThread.pumpEventsForHierarchy(ILjava/awt/Conditional;Ljava/awt/Component;)V+11
j  java.awt.EventDispatchThread.pumpEvents(ILjava/awt/Conditional;)V+4
j  java.awt.EventDispatchThread.pumpEvents(Ljava/awt/Conditional;)V+3
j  java.awt.EventDispatchThread.run()V+9
v  ~StubRoutines::call_stub

---------------  P R O C E S S  ---------------

Java Threads: ( => current thread )
  0x18ccc400 JavaThread "TimerQueue" daemon [_thread_blocked, id=13092, stack(0x19990000,0x199e0000)]
  0x00bfbc00 JavaThread "DestroyJavaVM" [_thread_blocked, id=108, stack(0x00aa0000,0x00af0000)]
=>0x17b29c00 JavaThread "AWT-EventQueue-0" [_thread_in_native, id=11072, stack(0x17f30000,0x17f80000)]
  0x17b11400 JavaThread "AWT-Windows" daemon [_thread_in_native, id=13924, stack(0x17ea0000,0x17ef0000)]
  0x17b0e800 JavaThread "AWT-Shutdown" [_thread_blocked, id=8784, stack(0x17e10000,0x17e60000)]
  0x17b0dc00 JavaThread "Java2D Disposer" daemon [_thread_blocked, id=10168, stack(0x17d80000,0x17dd0000)]
  0x04327400 JavaThread "Service Thread" daemon [_thread_blocked, id=8248, stack(0x17970000,0x179c0000)]
  0x0430f000 JavaThread "C1 CompilerThread0" daemon [_thread_blocked, id=7564, stack(0x17340000,0x17390000)]
  0x0430e000 JavaThread "Attach Listener" daemon [_thread_blocked, id=4852, stack(0x172b0000,0x17300000)]
  0x0430c000 JavaThread "Signal Dispatcher" daemon [_thread_blocked, id=13316, stack(0x16780000,0x167d0000)]
  0x04303c00 JavaThread "Finalizer" daemon [_thread_blocked, id=4644, stack(0x16600000,0x16650000)]
  0x042a6800 JavaThread "Reference Handler" daemon [_thread_blocked, id=13656, stack(0x06540000,0x06590000)]

Other Threads:
  0x042a1c00 VMThread [stack: 0x064b0000,0x06500000] [id=9856]
  0x04345400 WatcherThread [stack: 0x17a00000,0x17a50000] [id=3304]

VM state:not at safepoint (normal execution)

VM Mutex/Monitor currently owned by a thread: None

Heap:
 def new generation   total 4928K, used 4357K [0x06600000, 0x06b50000, 0x0bb50000)
  eden space 4416K,  89% used [0x06600000, 0x069deb98, 0x06a50000)
  from space 512K,  77% used [0x06a50000, 0x06ab2a40, 0x06ad0000)
  to   space 512K,   0% used [0x06ad0000, 0x06ad0000, 0x06b50000)
 tenured generation   total 10944K, used 2712K [0x0bb50000, 0x0c600000, 0x16600000)
   the space 10944K,  24% used [0x0bb50000, 0x0bdf6280, 0x0bdf6400, 0x0c600000)
 Metaspace       used 1254K, capacity 2578K, committed 2624K, reserved 4480K

Card table byte_map: [0x04380000,0x04410000] byte_map_base: 0x0434d000

Polling page: 0x00b00000

CodeCache: size=32768Kb used=1468Kb max_used=1468Kb free=31299Kb
 bounds [0x04450000, 0x045c0000, 0x06450000]
 total_blobs=845 nmethods=609 adapters=166
 compilation: enabled

Compilation events (10 events):
Event: 33.420 Thread 0x0430f000  608             sun.awt.image.SunVolatileImage::getHeight (5 bytes)
Event: 33.420 Thread 0x0430f000 nmethod 608 0x045bc588 code [0x045bc680, 0x045bc700]
Event: 33.635 Thread 0x0430f000  609             java.awt.geom.AffineTransform::transform (663 bytes)
Event: 33.636 Thread 0x0430f000 nmethod 609 0x045bc748 code [0x045bc900, 0x045bd214]
Event: 33.684 Thread 0x0430f000  610             java.awt.Component::eventTypeEnabled (487 bytes)
Event: 33.685 Thread 0x0430f000 nmethod 610 0x045be608 code [0x045be710, 0x045bec20]
Event: 33.711 Thread 0x0430f000  611             java.awt.EventQueue$3::run (5 bytes)
Event: 33.711 Thread 0x0430f000 nmethod 611 0x045bec88 code [0x045bed80, 0x045bee0c]
Event: 33.711 Thread 0x0430f000  612             java.awt.EventQueue$3::run (60 bytes)
Event: 33.712 Thread 0x0430f000 nmethod 612 0x045bee88 code [0x045befc0, 0x045bf120]

GC Heap History (4 events):
Event: 0.319 GC heap before
{Heap before GC invocations=0 (full 0):
 def new generation   total 4928K, used 4416K [0x06600000, 0x06b50000, 0x0bb50000)
  eden space 4416K, 100% used [0x06600000, 0x06a50000, 0x06a50000)
  from space 512K,   0% used [0x06a50000, 0x06a50000, 0x06ad0000)
  to   space 512K,   0% used [0x06ad0000, 0x06ad0000, 0x06b50000)
 tenured generation   total 10944K, used 0K [0x0bb50000, 0x0c600000, 0x16600000)
   the space 10944K,   0% used [0x0bb50000, 0x0bb50000, 0x0bb50200, 0x0c600000)
 Metaspace       used 948K, capacity 2535K, committed 2624K, reserved 4480K
Event: 0.325 GC heap after
Heap after GC invocations=1 (full 0):
 def new generation   total 4928K, used 512K [0x06600000, 0x06b50000, 0x0bb50000)
  eden space 4416K,   0% used [0x06600000, 0x06600000, 0x06a50000)
  from space 512K, 100% used [0x06ad0000, 0x06b50000, 0x06b50000)
  to   space 512K,   0% used [0x06a50000, 0x06a50000, 0x06ad0000)
 tenured generation   total 10944K, used 1114K [0x0bb50000, 0x0c600000, 0x16600000)
   the space 10944K,  10% used [0x0bb50000, 0x0bc66b10, 0x0bc66c00, 0x0c600000)
 Metaspace       used 948K, capacity 2535K, committed 2624K, reserved 4480K
}
Event: 14.336 GC heap before
{Heap before GC invocations=1 (full 0):
 def new generation   total 4928K, used 4928K [0x06600000, 0x06b50000, 0x0bb50000)
  eden space 4416K, 100% used [0x06600000, 0x06a50000, 0x06a50000)
  from space 512K, 100% used [0x06ad0000, 0x06b50000, 0x06b50000)
  to   space 512K,   0% used [0x06a50000, 0x06a50000, 0x06ad0000)
 tenured generation   total 10944K, used 1114K [0x0bb50000, 0x0c600000, 0x16600000)
   the space 10944K,  10% used [0x0bb50000, 0x0bc66b10, 0x0bc66c00, 0x0c600000)
 Metaspace       used 1220K, capacity 2543K, committed 2624K, reserved 4480K
Event: 14.341 GC heap after
Heap after GC invocations=2 (full 0):
 def new generation   total 4928K, used 394K [0x06600000, 0x06b50000, 0x0bb50000)
  eden space 4416K,   0% used [0x06600000, 0x06600000, 0x06a50000)
  from space 512K,  77% used [0x06a50000, 0x06ab2a40, 0x06ad0000)
  to   space 512K,   0% used [0x06ad0000, 0x06ad0000, 0x06b50000)
 tenured generation   total 10944K, used 2712K [0x0bb50000, 0x0c600000, 0x16600000)
   the space 10944K,  24% used [0x0bb50000, 0x0bdf6280, 0x0bdf6400, 0x0c600000)
 Metaspace       used 1220K, capacity 2543K, committed 2624K, reserved 4480K
}

Deoptimization events (0 events):
No events

Internal exceptions (10 events):
Event: 0.163 Thread 0x00bfbc00 Exception <a 'java/lang/ClassNotFoundException': ToolBar> (0x068be1e8) thrown at [C:\workspace\8-2-build-windows-i586-cygwin\jdk8u144\9417\hotspot\src\share\vm\classfile\systemDictionary.cpp, line 210]
Event: 0.163 Thread 0x00bfbc00 Exception <a 'java/lang/ClassNotFoundException': ToggleButton> (0x068be730) thrown at [C:\workspace\8-2-build-windows-i586-cygwin\jdk8u144\9417\hotspot\src\share\vm\classfile\systemDictionary.cpp, line 210]
Event: 0.163 Thread 0x00bfbc00 Exception <a 'java/lang/ClassNotFoundException': javax/swing/JToolBarSeparator> (0x068beb38) thrown at [C:\workspace\8-2-build-windows-i586-cygwin\jdk8u144\9417\hotspot\src\share\vm\classfile\systemDictionary.cpp, line 210]
Event: 0.163 Thread 0x00bfbc00 Exception <a 'java/lang/ClassNotFoundException': ToolBarSeparator> (0x068bef90) thrown at [C:\workspace\8-2-build-windows-i586-cygwin\jdk8u144\9417\hotspot\src\share\vm\classfile\systemDictionary.cpp, line 210]
Event: 0.163 Thread 0x00bfbc00 Exception <a 'java/lang/ClassNotFoundException': ToolTip> (0x068bf668) thrown at [C:\workspace\8-2-build-windows-i586-cygwin\jdk8u144\9417\hotspot\src\share\vm\classfile\systemDictionary.cpp, line 210]
Event: 0.164 Thread 0x00bfbc00 Exception <a 'java/lang/ClassNotFoundException': Tree> (0x068c0150) thrown at [C:\workspace\8-2-build-windows-i586-cygwin\jdk8u144\9417\hotspot\src\share\vm\classfile\systemDictionary.cpp, line 210]
Event: 0.164 Thread 0x00bfbc00 Exception <a 'java/lang/ClassNotFoundException': Tree> (0x068c07f0) thrown at [C:\workspace\8-2-build-windows-i586-cygwin\jdk8u144\9417\hotspot\src\share\vm\classfile\systemDictionary.cpp, line 210]
Event: 0.164 Thread 0x00bfbc00 Exception <a 'java/lang/ClassNotFoundException': javax/swing/JTreeCell> (0x068c0b28) thrown at [C:\workspace\8-2-build-windows-i586-cygwin\jdk8u144\9417\hotspot\src\share\vm\classfile\systemDictionary.cpp, line 210]
Event: 0.164 Thread 0x00bfbc00 Exception <a 'java/lang/ClassNotFoundException': TreeCell> (0x068c0f70) thrown at [C:\workspace\8-2-build-windows-i586-cygwin\jdk8u144\9417\hotspot\src\share\vm\classfile\systemDictionary.cpp, line 210]
Event: 0.164 Thread 0x00bfbc00 Exception <a 'java/lang/ClassNotFoundException': RootPane> (0x068c18e8) thrown at [C:\workspace\8-2-build-windows-i586-cygwin\jdk8u144\9417\hotspot\src\share\vm\classfile\systemDictionary.cpp, line 210]

Events (10 events):
Event: 18.088 Thread 0x17b29c00 DEOPT PACKING pc=0x045879f1 sp=0x17f7dc50
Event: 18.088 Thread 0x17b29c00 DEOPT UNPACKING pc=0x0448c5db sp=0x17f7db9c mode 3
Event: 18.331 Executing VM operation: RevokeBias
Event: 18.331 Executing VM operation: RevokeBias done
Event: 18.351 Executing VM operation: RevokeBias
Event: 18.351 Executing VM operation: RevokeBias done
Event: 18.351 Executing VM operation: RevokeBias
Event: 18.351 Executing VM operation: RevokeBias done
Event: 18.351 Thread 0x04339c00 Thread exited: 0x04339c00
Event: 25.232 Thread 0x0430f000 flushing nmethod 0x04586a08


Dynamic libraries:
0x00c20000 - 0x00c53000 	C:\Program Files (x86)\Java\jdk1.8.0_144\bin\java.exe
0x76f70000 - 0x770fd000 	C:\WINDOWS\SYSTEM32\ntdll.dll
0x76c90000 - 0x76d60000 	C:\WINDOWS\System32\KERNEL32.DLL
0x74140000 - 0x74317000 	C:\WINDOWS\System32\KERNELBASE.dll
0x728a0000 - 0x7293a000 	C:\WINDOWS\SYSTEM32\apphelp.dll
0x73e90000 - 0x73f08000 	C:\WINDOWS\System32\ADVAPI32.dll
0x748f0000 - 0x749ad000 	C:\WINDOWS\System32\msvcrt.dll
0x74710000 - 0x74753000 	C:\WINDOWS\System32\sechost.dll
0x76e00000 - 0x76ebe000 	C:\WINDOWS\System32\RPCRT4.dll
0x73990000 - 0x739b0000 	C:\WINDOWS\System32\SspiCli.dll
0x73980000 - 0x7398a000 	C:\WINDOWS\System32\CRYPTBASE.dll
0x73e30000 - 0x73e87000 	C:\WINDOWS\System32\bcryptPrimitives.dll
0x73f70000 - 0x740e5000 	C:\WINDOWS\System32\USER32.dll
0x74870000 - 0x74886000 	C:\WINDOWS\System32\win32u.dll
0x73a40000 - 0x73a62000 	C:\WINDOWS\System32\GDI32.dll
0x73b30000 - 0x73c8f000 	C:\WINDOWS\System32\gdi32full.dll
0x74760000 - 0x747dc000 	C:\WINDOWS\System32\msvcp_win.dll
0x763c0000 - 0x764d7000 	C:\WINDOWS\System32\ucrtbase.dll
0x73050000 - 0x73261000 	C:\WINDOWS\WinSxS\x86_microsoft.windows.common-controls_6595b64144ccf1df_6.0.16299.64_none_14403bb93691f395\COMCTL32.dll
0x75cf0000 - 0x75f36000 	C:\WINDOWS\System32\combase.dll
0x76ec0000 - 0x76ee5000 	C:\WINDOWS\System32\IMM32.DLL
0x70d40000 - 0x70dff000 	C:\Program Files (x86)\Java\jdk1.8.0_144\jre\bin\msvcr100.dll
0x6ffa0000 - 0x7036e000 	C:\Program Files (x86)\Java\jdk1.8.0_144\jre\bin\client\jvm.dll
0x76f60000 - 0x76f66000 	C:\WINDOWS\System32\PSAPI.DLL
0x73410000 - 0x73434000 	C:\WINDOWS\SYSTEM32\WINMM.dll
0x73930000 - 0x73938000 	C:\WINDOWS\SYSTEM32\VERSION.dll
0x73040000 - 0x73048000 	C:\WINDOWS\SYSTEM32\WSOCK32.dll
0x744b0000 - 0x74516000 	C:\WINDOWS\System32\WS2_32.dll
0x733e0000 - 0x73403000 	C:\WINDOWS\SYSTEM32\winmmbase.dll
0x74470000 - 0x744a8000 	C:\WINDOWS\System32\cfgmgr32.dll
0x72d30000 - 0x72d3c000 	C:\Program Files (x86)\Java\jdk1.8.0_144\jre\bin\verify.dll
0x72d00000 - 0x72d21000 	C:\Program Files (x86)\Java\jdk1.8.0_144\jre\bin\java.dll
0x72ce0000 - 0x72cf3000 	C:\Program Files (x86)\Java\jdk1.8.0_144\jre\bin\zip.dll
0x749b0000 - 0x75ce3000 	C:\WINDOWS\System32\SHELL32.dll
0x76d60000 - 0x76de8000 	C:\WINDOWS\System32\shcore.dll
0x765e0000 - 0x76ba6000 	C:\WINDOWS\System32\windows.storage.dll
0x740f0000 - 0x74135000 	C:\WINDOWS\System32\shlwapi.dll
0x748e0000 - 0x748ee000 	C:\WINDOWS\System32\kernel.appcore.dll
0x76370000 - 0x763b5000 	C:\WINDOWS\System32\powrprof.dll
0x74520000 - 0x74534000 	C:\WINDOWS\System32\profapi.dll
0x70bf0000 - 0x70d35000 	C:\Program Files (x86)\Java\jdk1.8.0_144\jre\bin\awt.dll
0x73a70000 - 0x73b03000 	C:\WINDOWS\System32\OLEAUT32.dll
0x729f0000 - 0x72a69000 	C:\WINDOWS\system32\uxtheme.dll
0x74320000 - 0x74464000 	C:\WINDOWS\System32\MSCTF.dll
0x724f0000 - 0x72513000 	C:\WINDOWS\system32\dwmapi.dll
0x764e0000 - 0x765d7000 	C:\WINDOWS\System32\ole32.dll
0x72200000 - 0x72239000 	C:\Program Files (x86)\Java\jdk1.8.0_144\jre\bin\fontmanager.dll
0x70b10000 - 0x70bef000 	C:\WINDOWS\system32\opengl32.dll
0x721d0000 - 0x721f5000 	C:\WINDOWS\SYSTEM32\GLU32.dll
0x739b0000 - 0x73a32000 	C:\WINDOWS\System32\clbcatq.dll
0x70760000 - 0x708ce000 	C:\WINDOWS\SYSTEM32\WindowsCodecs.dll
0x63f90000 - 0x63fd8000 	C:\WINDOWS\system32\dataexchange.dll
0x63e20000 - 0x63f1e000 	C:\WINDOWS\system32\dcomp.dll
0x70370000 - 0x705ae000 	C:\WINDOWS\system32\d3d11.dll
0x72260000 - 0x722f2000 	C:\WINDOWS\system32\dxgi.dll
0x6d710000 - 0x6d844000 	C:\WINDOWS\system32\twinapi.appcore.dll
0x733c0000 - 0x733d9000 	C:\WINDOWS\system32\bcrypt.dll
0x72190000 - 0x721aa000 	C:\WINDOWS\system32\RMCLIENT.dll
0x724d0000 - 0x724e6000 	C:\Program Files (x86)\Java\jdk1.8.0_144\jre\bin\net.dll
0x72da0000 - 0x72df5000 	C:\WINDOWS\system32\mswsock.dll
0x72cd0000 - 0x72cdf000 	C:\Program Files (x86)\Java\jdk1.8.0_144\jre\bin\nio.dll
0x71b90000 - 0x71bc2000 	C:\Program Files (x86)\Java\jdk1.8.0_144\jre\bin\t2k.dll
0x70fa0000 - 0x71017000 	C:\WINDOWS\System32\TextInputFramework.dll
0x6bb00000 - 0x6bd34000 	C:\WINDOWS\System32\CoreUIComponents.dll
0x6b480000 - 0x6b50c000 	C:\WINDOWS\System32\CoreMessaging.dll
0x72e80000 - 0x72ea8000 	C:\WINDOWS\SYSTEM32\ntmarta.dll
0x6d640000 - 0x6d70b000 	C:\WINDOWS\SYSTEM32\wintypes.dll
0x71b60000 - 0x71b84000 	C:\Program Files (x86)\Java\jdk1.8.0_144\jre\bin\dcpr.dll
0x18210000 - 0x18238000 	C:\Program Files (x86)\Java\jdk1.8.0_144\jre\lib\ext\jpcap.dll
0x73830000 - 0x73860000 	C:\WINDOWS\SYSTEM32\iphlpapi.dll
0x18240000 - 0x1828c000 	C:\WINDOWS\SYSTEM32\wpcap.dll
0x18290000 - 0x182a8000 	C:\WINDOWS\SYSTEM32\packet.dll
0x76ef0000 - 0x76ef7000 	C:\WINDOWS\System32\NSI.dll
0x72480000 - 0x72493000 	C:\WINDOWS\SYSTEM32\dhcpcsvc6.DLL
0x72160000 - 0x72174000 	C:\WINDOWS\SYSTEM32\dhcpcsvc.DLL
0x70e00000 - 0x70f81000 	C:\WINDOWS\SYSTEM32\dbghelp.dll

VM Arguments:
jvm_args: -Dfile.encoding=UTF-8 -Djava.library.path=C:\Program Files (x86)\Java\jdk1.8.0_144\bin 
java_command: jpcap.mainGui
java_class_path (initial): C:\Users\John\Documents\NetBeansProjects\JPCap\jpcap.jar;C:\Users\John\Documents\NetBeansProjects\JPCap\build\classes
Launcher Type: SUN_STANDARD

Environment Variables:
PATH=C:\ProgramData\Oracle\Java\javapath;C:\Program Files\Broadcom\Broadcom 802.11 Network Adapter;;C:\WINDOWS\system32;C:\WINDOWS;C:\WINDOWS\System32\Wbem;C:\WINDOWS\System32\WindowsPowerShell\v1.0\;C:\Program Files (x86)\ATI Technologies\ATI.ACE\Core-Static;C:\Users\John\AppData\Local\Programs\Python\Python35-32\Scripts\;C:\Users\John\AppData\Local\Programs\Python\Python35-32\;C:\Users\John\AppData\Local\Microsoft\WindowsApps;C:\Program Files (x86)\Microsoft VS Code\bin;C:\Modeltech_pe_edu_10.4a\win32pe_edu;C:\adb;C:\WINDOWS\system32;C:\WINDOWS;C:\WINDOWS\System32\Wbem;C:\WINDOWS\System32\WindowsPowerShell\v1.0\;c:\Program Files\Intel\WiFi\bin\;c:\Program Files\Common Files\Intel\WirelessCommon\;C:\Program Files\PuTTY\;C:\Users\John\AppData\Local\Programs\Fiddler;C:\Program Files (x86)\Nmap
USERNAME=John
OS=Windows_NT
PROCESSOR_IDENTIFIER=Intel64 Family 6 Model 61 Stepping 4, GenuineIntel



---------------  S Y S T E M  ---------------

OS: Windows 10.0 , 64 bit Build 16299 (10.0.16299.15)

CPU:total 4 (initial active 4) (2 cores per cpu, 2 threads per core) family 6 model 61 stepping 4, cmov, cx8, fxsr, mmx, sse, sse2, sse3, ssse3, sse4.1, sse4.2, popcnt, avx, avx2, aes, clmul, erms, 3dnowpref, lzcnt, ht, tsc, tscinvbit, bmi1, bmi2, adx

Memory: 4k page, physical 4107668k(1297216k free), swap 8656720k(3651904k free)

vm_info: Java HotSpot(TM) Client VM (25.144-b01) for windows-x86 JRE (1.8.0_144-b01), built on Jul 21 2017 21:58:05 by "java_re" with MS VC++ 10.0 (VS2010)

time: Thu Nov 23 13:25:01 2017
elapsed time: 34 seconds (0d 0h 0m 34s)

