#
# A fatal error has been detected by the Java Runtime Environment:
#
#  EXCEPTION_ACCESS_VIOLATION (0xc0000005) at pc=0x183d2f31, pid=12652, tid=0x00002134
#
# JRE version: Java(TM) SE Runtime Environment (8.0_144-b01) (build 1.8.0_144-b01)
# Java VM: Java HotSpot(TM) Client VM (25.144-b01 mixed mode, sharing windows-x86 )
# Problematic frame:
# C  [wpcap.dll+0x2f31]
#
# Failed to write core dump. Minidumps are not enabled by default on client versions of Windows
#
# If you would like to submit a bug report, please visit:
#   http://bugreport.java.com/bugreport/crash.jsp
# The crash happened outside the Java Virtual Machine in native code.
# See problematic frame for where to report the bug.
#

---------------  T H R E A D  ---------------

Current thread (0x17b34800):  JavaThread "AWT-EventQueue-0" [_thread_in_native, id=8500, stack(0x180d0000,0x18120000)]

siginfo: ExceptionCode=0xc0000005, reading address 0x0000000c

Registers:
EAX=0x1811d900, EBX=0x18d731d8, ECX=0x00000000, EDX=0x18d731d8
ESP=0x1811d898, EBP=0x1811d8b0, ESI=0x00000000, EDI=0x00000000
EIP=0x183d2f31, EFLAGS=0x00010246

Top of Stack: (sp=0x1811d898)
0x1811d898:   00000000 17b34940 183b3b80 17b34940
0x1811d8a8:   1811e168 00000022 1811e164 183d2f0b
0x1811d8b8:   00000000 1811d900 18d731d8 ffffffff
0x1811d8c8:   00f8ffff 17b34940 18d731d8 183a1c6c
0x1811d8d8:   00000000 1811d900 18d731d8 ffffffff
0x1811d8e8:   00f8ffff 17b34800 1708a860 1811e150
0x1811d8f8:   1708a868 18d731d8 7011cc02 00000013
0x1811d908:   00000001 00000013 1811d9c0 00000000 

Instructions: (pc=0x183d2f31)
0x183d2f11:   41 18 8b f0 ff 15 cc 90 3f 18 8b c6 5e 59 c3 55
0x183d2f21:   8b ec 83 ec 0c 53 8b 5d 10 56 57 8b 7d 08 33 f6
0x183d2f31:   39 77 0c 89 5d fc 74 3e 81 7f 20 c0 00 00 00 75
0x183d2f41:   35 8b c3 8d 50 01 8a 08 83 c0 01 84 c9 75 f7 2b 


Register to memory mapping:

EAX=0x1811d900 is pointing into the stack for thread: 0x17b34800
EBX=0x18d731d8 is an unknown value
ECX=0x00000000 is an unknown value
EDX=0x18d731d8 is an unknown value
ESP=0x1811d898 is pointing into the stack for thread: 0x17b34800
EBP=0x1811d8b0 is pointing into the stack for thread: 0x17b34800
ESI=0x00000000 is an unknown value
EDI=0x00000000 is an unknown value


Stack: [0x180d0000,0x18120000],  sp=0x1811d898,  free space=310k
Native frames: (J=compiled Java code, j=interpreted, Vv=VM code, C=native code)
C  [wpcap.dll+0x2f31]
C  [wpcap.dll+0x2f0b]
C  0x0666a038

Java frames: (J=compiled Java code, j=interpreted, Vv=VM code)
j  jpcap.JpcapCaptor.setFilter(Ljava/lang/String;Z)V+0
j  jpcap.mainGui.B_FILTERActionPerformed(Ljava/awt/event/ActionEvent;)V+75
j  jpcap.mainGui.access$1000(Ljpcap/mainGui;Ljava/awt/event/ActionEvent;)V+2
j  jpcap.mainGui$11.actionPerformed(Ljava/awt/event/ActionEvent;)V+5
j  javax.swing.AbstractButton.fireActionPerformed(Ljava/awt/event/ActionEvent;)V+83
j  javax.swing.AbstractButton$Handler.actionPerformed(Ljava/awt/event/ActionEvent;)V+5
j  javax.swing.DefaultButtonModel.fireActionPerformed(Ljava/awt/event/ActionEvent;)V+34
j  javax.swing.DefaultButtonModel.setPressed(Z)V+117
j  javax.swing.plaf.basic.BasicButtonListener.mouseReleased(Ljava/awt/event/MouseEvent;)V+35
j  java.awt.Component.processMouseEvent(Ljava/awt/event/MouseEvent;)V+64
j  javax.swing.JComponent.processMouseEvent(Ljava/awt/event/MouseEvent;)V+23
j  java.awt.Component.processEvent(Ljava/awt/AWTEvent;)V+81
j  java.awt.Container.processEvent(Ljava/awt/AWTEvent;)V+18
j  java.awt.Component.dispatchEventImpl(Ljava/awt/AWTEvent;)V+589
j  java.awt.Container.dispatchEventImpl(Ljava/awt/AWTEvent;)V+42
J 557 C1 java.awt.LightweightDispatcher.retargetMouseEvent(Ljava/awt/Component;ILjava/awt/event/MouseEvent;)V (350 bytes) @ 0x045937bc [0x04593170+0x64c]
j  java.awt.LightweightDispatcher.processMouseEvent(Ljava/awt/event/MouseEvent;)Z+155
j  java.awt.LightweightDispatcher.dispatchEvent(Ljava/awt/AWTEvent;)Z+50
j  java.awt.Container.dispatchEventImpl(Ljava/awt/AWTEvent;)V+12
j  java.awt.Window.dispatchEventImpl(Ljava/awt/AWTEvent;)V+19
j  java.awt.Component.dispatchEvent(Ljava/awt/AWTEvent;)V+2
j  java.awt.EventQueue.dispatchEventImpl(Ljava/awt/AWTEvent;Ljava/lang/Object;)V+41
j  java.awt.EventQueue.access$500(Ljava/awt/EventQueue;Ljava/awt/AWTEvent;Ljava/lang/Object;)V+3
j  java.awt.EventQueue$3.run()Ljava/lang/Void;+32
j  java.awt.EventQueue$3.run()Ljava/lang/Object;+1
v  ~StubRoutines::call_stub
J 509  java.security.AccessController.doPrivileged(Ljava/security/PrivilegedAction;Ljava/security/AccessControlContext;)Ljava/lang/Object; (0 bytes) @ 0x045b4b87 [0x045b4b20+0x67]
J 510 C1 java.security.ProtectionDomain$JavaSecurityAccessImpl.doIntersectionPrivilege(Ljava/security/PrivilegedAction;Ljava/security/AccessControlContext;Ljava/security/AccessControlContext;)Ljava/lang/Object; (22 bytes) @ 0x045b4f00 [0x045b4e00+0x100]
j  java.security.ProtectionDomain$JavaSecurityAccessImpl.doIntersectionPrivilege(Ljava/security/PrivilegedAction;Ljava/security/AccessControlContext;)Ljava/lang/Object;+6
j  java.awt.EventQueue$4.run()Ljava/lang/Void;+11
j  java.awt.EventQueue$4.run()Ljava/lang/Object;+1
v  ~StubRoutines::call_stub
J 509  java.security.AccessController.doPrivileged(Ljava/security/PrivilegedAction;Ljava/security/AccessControlContext;)Ljava/lang/Object; (0 bytes) @ 0x045b4b87 [0x045b4b20+0x67]
J 510 C1 java.security.ProtectionDomain$JavaSecurityAccessImpl.doIntersectionPrivilege(Ljava/security/PrivilegedAction;Ljava/security/AccessControlContext;Ljava/security/AccessControlContext;)Ljava/lang/Object; (22 bytes) @ 0x045b4f00 [0x045b4e00+0x100]
j  java.awt.EventQueue.dispatchEvent(Ljava/awt/AWTEvent;)V+73
J 504 C1 java.awt.EventDispatchThread.pumpOneEventForFilters(I)V (295 bytes) @ 0x045b25d0 [0x045b1f40+0x690]
j  java.awt.EventDispatchThread.pumpEventsForFilter(ILjava/awt/Conditional;Ljava/awt/EventFilter;)V+35
j  java.awt.EventDispatchThread.pumpEventsForHierarchy(ILjava/awt/Conditional;Ljava/awt/Component;)V+11
j  java.awt.EventDispatchThread.pumpEvents(ILjava/awt/Conditional;)V+4
j  java.awt.EventDispatchThread.pumpEvents(Ljava/awt/Conditional;)V+3
j  java.awt.EventDispatchThread.run()V+9
v  ~StubRoutines::call_stub

---------------  P R O C E S S  ---------------

Java Threads: ( => current thread )
  0x17c48800 JavaThread "TimerQueue" daemon [_thread_blocked, id=3528, stack(0x18350000,0x183a0000)]
  0x0445bc00 JavaThread "DestroyJavaVM" [_thread_blocked, id=4792, stack(0x00b30000,0x00b80000)]
=>0x17b34800 JavaThread "AWT-EventQueue-0" [_thread_in_native, id=8500, stack(0x180d0000,0x18120000)]
  0x17b19000 JavaThread "AWT-Windows" daemon [_thread_in_native, id=10244, stack(0x17ea0000,0x17ef0000)]
  0x17b16400 JavaThread "AWT-Shutdown" [_thread_blocked, id=6992, stack(0x17e10000,0x17e60000)]
  0x17b15000 JavaThread "Java2D Disposer" daemon [_thread_blocked, id=11092, stack(0x17d80000,0x17dd0000)]
  0x04325800 JavaThread "Service Thread" daemon [_thread_blocked, id=12972, stack(0x17970000,0x179c0000)]
  0x0430f000 JavaThread "C1 CompilerThread0" daemon [_thread_blocked, id=9404, stack(0x17350000,0x173a0000)]
  0x0430e000 JavaThread "Attach Listener" daemon [_thread_blocked, id=12604, stack(0x172c0000,0x17310000)]
  0x0430c000 JavaThread "Signal Dispatcher" daemon [_thread_blocked, id=13828, stack(0x17270000,0x172c0000)]
  0x04303c00 JavaThread "Finalizer" daemon [_thread_blocked, id=212, stack(0x16640000,0x16690000)]
  0x042a6800 JavaThread "Reference Handler" daemon [_thread_blocked, id=12320, stack(0x06590000,0x065e0000)]

Other Threads:
  0x042a1c00 VMThread [stack: 0x04400000,0x04450000] [id=10276]
  0x04343c00 WatcherThread [stack: 0x17a00000,0x17a50000] [id=15016]

VM state:not at safepoint (normal execution)

VM Mutex/Monitor currently owned by a thread: None

Heap:
 def new generation   total 4928K, used 4428K [0x06600000, 0x06b50000, 0x0bb50000)
  eden space 4416K,  90% used [0x06600000, 0x069eaf60, 0x06a50000)
  from space 512K,  81% used [0x06a50000, 0x06ab80b8, 0x06ad0000)
  to   space 512K,   0% used [0x06ad0000, 0x06ad0000, 0x06b50000)
 tenured generation   total 10944K, used 2712K [0x0bb50000, 0x0c600000, 0x16600000)
   the space 10944K,  24% used [0x0bb50000, 0x0bdf62a8, 0x0bdf6400, 0x0c600000)
 Metaspace       used 1253K, capacity 2578K, committed 2624K, reserved 4480K

Card table byte_map: [0x06460000,0x064f0000] byte_map_base: 0x0642d000

Polling page: 0x00b90000

CodeCache: size=32768Kb used=1408Kb max_used=1408Kb free=31359Kb
 bounds [0x04460000, 0x045c8000, 0x06460000]
 total_blobs=804 nmethods=570 adapters=164
 compilation: enabled

Compilation events (10 events):
Event: 13.559 Thread 0x0430f000  569             java.awt.AWTEvent::<init> (81 bytes)
Event: 13.560 Thread 0x0430f000 nmethod 569 0x045bf508 code [0x045bf630, 0x045bf814]
Event: 13.804 Thread 0x0430f000  570             java.awt.GraphicsEnvironment::isHeadless (4 bytes)
Event: 13.804 Thread 0x0430f000 nmethod 570 0x045bf988 code [0x045bfa90, 0x045bfb3c]
Event: 13.805 Thread 0x0430f000  571             java.awt.GraphicsEnvironment::getHeadlessProperty (22 bytes)
Event: 13.805 Thread 0x0430f000 nmethod 571 0x045bfbc8 code [0x045bfcd0, 0x045bfd7c]
Event: 13.862 Thread 0x0430f000  572             java.awt.event.MouseEvent::getModifiersEx (29 bytes)
Event: 13.863 Thread 0x0430f000 nmethod 572 0x045bfe08 code [0x045bff00, 0x045bffbc]
Event: 14.394 Thread 0x0430f000  573             sun.awt.SunHints$Value::get (8 bytes)
Event: 14.394 Thread 0x0430f000 nmethod 573 0x045c0048 code [0x045c0140, 0x045c01f0]

GC Heap History (4 events):
Event: 0.316 GC heap before
{Heap before GC invocations=0 (full 0):
 def new generation   total 4928K, used 4416K [0x06600000, 0x06b50000, 0x0bb50000)
  eden space 4416K, 100% used [0x06600000, 0x06a50000, 0x06a50000)
  from space 512K,   0% used [0x06a50000, 0x06a50000, 0x06ad0000)
  to   space 512K,   0% used [0x06ad0000, 0x06ad0000, 0x06b50000)
 tenured generation   total 10944K, used 0K [0x0bb50000, 0x0c600000, 0x16600000)
   the space 10944K,   0% used [0x0bb50000, 0x0bb50000, 0x0bb50200, 0x0c600000)
 Metaspace       used 948K, capacity 2535K, committed 2624K, reserved 4480K
Event: 0.324 GC heap after
Heap after GC invocations=1 (full 0):
 def new generation   total 4928K, used 512K [0x06600000, 0x06b50000, 0x0bb50000)
  eden space 4416K,   0% used [0x06600000, 0x06600000, 0x06a50000)
  from space 512K, 100% used [0x06ad0000, 0x06b50000, 0x06b50000)
  to   space 512K,   0% used [0x06a50000, 0x06a50000, 0x06ad0000)
 tenured generation   total 10944K, used 1114K [0x0bb50000, 0x0c600000, 0x16600000)
   the space 10944K,  10% used [0x0bb50000, 0x0bc66b38, 0x0bc66c00, 0x0c600000)
 Metaspace       used 948K, capacity 2535K, committed 2624K, reserved 4480K
}
Event: 5.708 GC heap before
{Heap before GC invocations=1 (full 0):
 def new generation   total 4928K, used 4919K [0x06600000, 0x06b50000, 0x0bb50000)
  eden space 4416K,  99% used [0x06600000, 0x06a4de50, 0x06a50000)
  from space 512K, 100% used [0x06ad0000, 0x06b50000, 0x06b50000)
  to   space 512K,   0% used [0x06a50000, 0x06a50000, 0x06ad0000)
 tenured generation   total 10944K, used 1114K [0x0bb50000, 0x0c600000, 0x16600000)
   the space 10944K,  10% used [0x0bb50000, 0x0bc66b38, 0x0bc66c00, 0x0c600000)
 Metaspace       used 1221K, capacity 2543K, committed 2624K, reserved 4480K
Event: 5.712 GC heap after
Heap after GC invocations=2 (full 0):
 def new generation   total 4928K, used 416K [0x06600000, 0x06b50000, 0x0bb50000)
  eden space 4416K,   0% used [0x06600000, 0x06600000, 0x06a50000)
  from space 512K,  81% used [0x06a50000, 0x06ab80b8, 0x06ad0000)
  to   space 512K,   0% used [0x06ad0000, 0x06ad0000, 0x06b50000)
 tenured generation   total 10944K, used 2712K [0x0bb50000, 0x0c600000, 0x16600000)
   the space 10944K,  24% used [0x0bb50000, 0x0bdf62a8, 0x0bdf6400, 0x0c600000)
 Metaspace       used 1221K, capacity 2543K, committed 2624K, reserved 4480K
}

Deoptimization events (0 events):
No events

Internal exceptions (10 events):
Event: 0.165 Thread 0x0445bc00 Exception <a 'java/lang/ClassNotFoundException': ToolBar> (0x068be1a8) thrown at [C:\workspace\8-2-build-windows-i586-cygwin\jdk8u144\9417\hotspot\src\share\vm\classfile\systemDictionary.cpp, line 210]
Event: 0.165 Thread 0x0445bc00 Exception <a 'java/lang/ClassNotFoundException': ToggleButton> (0x068be6f0) thrown at [C:\workspace\8-2-build-windows-i586-cygwin\jdk8u144\9417\hotspot\src\share\vm\classfile\systemDictionary.cpp, line 210]
Event: 0.165 Thread 0x0445bc00 Exception <a 'java/lang/ClassNotFoundException': javax/swing/JToolBarSeparator> (0x068beaf8) thrown at [C:\workspace\8-2-build-windows-i586-cygwin\jdk8u144\9417\hotspot\src\share\vm\classfile\systemDictionary.cpp, line 210]
Event: 0.165 Thread 0x0445bc00 Exception <a 'java/lang/ClassNotFoundException': ToolBarSeparator> (0x068bef50) thrown at [C:\workspace\8-2-build-windows-i586-cygwin\jdk8u144\9417\hotspot\src\share\vm\classfile\systemDictionary.cpp, line 210]
Event: 0.165 Thread 0x0445bc00 Exception <a 'java/lang/ClassNotFoundException': ToolTip> (0x068bf628) thrown at [C:\workspace\8-2-build-windows-i586-cygwin\jdk8u144\9417\hotspot\src\share\vm\classfile\systemDictionary.cpp, line 210]
Event: 0.165 Thread 0x0445bc00 Exception <a 'java/lang/ClassNotFoundException': Tree> (0x068c0110) thrown at [C:\workspace\8-2-build-windows-i586-cygwin\jdk8u144\9417\hotspot\src\share\vm\classfile\systemDictionary.cpp, line 210]
Event: 0.165 Thread 0x0445bc00 Exception <a 'java/lang/ClassNotFoundException': Tree> (0x068c07b0) thrown at [C:\workspace\8-2-build-windows-i586-cygwin\jdk8u144\9417\hotspot\src\share\vm\classfile\systemDictionary.cpp, line 210]
Event: 0.165 Thread 0x0445bc00 Exception <a 'java/lang/ClassNotFoundException': javax/swing/JTreeCell> (0x068c0ae8) thrown at [C:\workspace\8-2-build-windows-i586-cygwin\jdk8u144\9417\hotspot\src\share\vm\classfile\systemDictionary.cpp, line 210]
Event: 0.165 Thread 0x0445bc00 Exception <a 'java/lang/ClassNotFoundException': TreeCell> (0x068c0f30) thrown at [C:\workspace\8-2-build-windows-i586-cygwin\jdk8u144\9417\hotspot\src\share\vm\classfile\systemDictionary.cpp, line 210]
Event: 0.165 Thread 0x0445bc00 Exception <a 'java/lang/ClassNotFoundException': RootPane> (0x068c18a8) thrown at [C:\workspace\8-2-build-windows-i586-cygwin\jdk8u144\9417\hotspot\src\share\vm\classfile\systemDictionary.cpp, line 210]

Events (10 events):
Event: 7.209 Thread 0x17b34800 DEOPT PACKING pc=0x04592df1 sp=0x1811da00
Event: 7.209 Thread 0x17b34800 DEOPT UNPACKING pc=0x0449c5db sp=0x1811d94c mode 3
Event: 10.920 Thread 0x0430f000 flushing nmethod 0x04591e08
Event: 13.130 Executing VM operation: RevokeBias
Event: 13.130 Executing VM operation: RevokeBias done
Event: 13.145 Executing VM operation: RevokeBias
Event: 13.145 Executing VM operation: RevokeBias done
Event: 13.145 Executing VM operation: RevokeBias
Event: 13.145 Executing VM operation: RevokeBias done
Event: 13.145 Thread 0x18d76800 Thread exited: 0x18d76800


Dynamic libraries:
0x00c20000 - 0x00c53000 	C:\Program Files (x86)\Java\jdk1.8.0_144\bin\java.exe
0x76f70000 - 0x770fd000 	C:\WINDOWS\SYSTEM32\ntdll.dll
0x76c90000 - 0x76d60000 	C:\WINDOWS\System32\KERNEL32.DLL
0x74140000 - 0x74317000 	C:\WINDOWS\System32\KERNELBASE.dll
0x728a0000 - 0x7293a000 	C:\WINDOWS\SYSTEM32\apphelp.dll
0x73e90000 - 0x73f08000 	C:\WINDOWS\System32\ADVAPI32.dll
0x748f0000 - 0x749ad000 	C:\WINDOWS\System32\msvcrt.dll
0x74710000 - 0x74753000 	C:\WINDOWS\System32\sechost.dll
0x76e00000 - 0x76ebe000 	C:\WINDOWS\System32\RPCRT4.dll
0x73990000 - 0x739b0000 	C:\WINDOWS\System32\SspiCli.dll
0x73980000 - 0x7398a000 	C:\WINDOWS\System32\CRYPTBASE.dll
0x73e30000 - 0x73e87000 	C:\WINDOWS\System32\bcryptPrimitives.dll
0x73f70000 - 0x740e5000 	C:\WINDOWS\System32\USER32.dll
0x74870000 - 0x74886000 	C:\WINDOWS\System32\win32u.dll
0x73a40000 - 0x73a62000 	C:\WINDOWS\System32\GDI32.dll
0x73b30000 - 0x73c8f000 	C:\WINDOWS\System32\gdi32full.dll
0x74760000 - 0x747dc000 	C:\WINDOWS\System32\msvcp_win.dll
0x763c0000 - 0x764d7000 	C:\WINDOWS\System32\ucrtbase.dll
0x73050000 - 0x73261000 	C:\WINDOWS\WinSxS\x86_microsoft.windows.common-controls_6595b64144ccf1df_6.0.16299.64_none_14403bb93691f395\COMCTL32.dll
0x75cf0000 - 0x75f36000 	C:\WINDOWS\System32\combase.dll
0x76ec0000 - 0x76ee5000 	C:\WINDOWS\System32\IMM32.DLL
0x70d40000 - 0x70dff000 	C:\Program Files (x86)\Java\jdk1.8.0_144\jre\bin\msvcr100.dll
0x6ffa0000 - 0x7036e000 	C:\Program Files (x86)\Java\jdk1.8.0_144\jre\bin\client\jvm.dll
0x76f60000 - 0x76f66000 	C:\WINDOWS\System32\PSAPI.DLL
0x73410000 - 0x73434000 	C:\WINDOWS\SYSTEM32\WINMM.dll
0x73040000 - 0x73048000 	C:\WINDOWS\SYSTEM32\WSOCK32.dll
0x744b0000 - 0x74516000 	C:\WINDOWS\System32\WS2_32.dll
0x73930000 - 0x73938000 	C:\WINDOWS\SYSTEM32\VERSION.dll
0x733e0000 - 0x73403000 	C:\WINDOWS\SYSTEM32\WINMMBASE.dll
0x74470000 - 0x744a8000 	C:\WINDOWS\System32\cfgmgr32.dll
0x72d30000 - 0x72d3c000 	C:\Program Files (x86)\Java\jdk1.8.0_144\jre\bin\verify.dll
0x72d00000 - 0x72d21000 	C:\Program Files (x86)\Java\jdk1.8.0_144\jre\bin\java.dll
0x72ce0000 - 0x72cf3000 	C:\Program Files (x86)\Java\jdk1.8.0_144\jre\bin\zip.dll
0x749b0000 - 0x75ce3000 	C:\WINDOWS\System32\SHELL32.dll
0x76d60000 - 0x76de8000 	C:\WINDOWS\System32\shcore.dll
0x765e0000 - 0x76ba6000 	C:\WINDOWS\System32\windows.storage.dll
0x740f0000 - 0x74135000 	C:\WINDOWS\System32\shlwapi.dll
0x748e0000 - 0x748ee000 	C:\WINDOWS\System32\kernel.appcore.dll
0x76370000 - 0x763b5000 	C:\WINDOWS\System32\powrprof.dll
0x74520000 - 0x74534000 	C:\WINDOWS\System32\profapi.dll
0x70bf0000 - 0x70d35000 	C:\Program Files (x86)\Java\jdk1.8.0_144\jre\bin\awt.dll
0x73a70000 - 0x73b03000 	C:\WINDOWS\System32\OLEAUT32.dll
0x729f0000 - 0x72a69000 	C:\WINDOWS\system32\uxtheme.dll
0x74320000 - 0x74464000 	C:\WINDOWS\System32\MSCTF.dll
0x724f0000 - 0x72513000 	C:\WINDOWS\system32\dwmapi.dll
0x764e0000 - 0x765d7000 	C:\WINDOWS\System32\ole32.dll
0x72200000 - 0x72239000 	C:\Program Files (x86)\Java\jdk1.8.0_144\jre\bin\fontmanager.dll
0x70b10000 - 0x70bef000 	C:\WINDOWS\system32\opengl32.dll
0x721d0000 - 0x721f5000 	C:\WINDOWS\SYSTEM32\GLU32.dll
0x739b0000 - 0x73a32000 	C:\WINDOWS\System32\clbcatq.dll
0x70760000 - 0x708ce000 	C:\WINDOWS\SYSTEM32\WindowsCodecs.dll
0x63f90000 - 0x63fd8000 	C:\WINDOWS\system32\dataexchange.dll
0x70370000 - 0x705ae000 	C:\WINDOWS\system32\d3d11.dll
0x63e20000 - 0x63f1e000 	C:\WINDOWS\system32\dcomp.dll
0x72260000 - 0x722f2000 	C:\WINDOWS\system32\dxgi.dll
0x6d710000 - 0x6d844000 	C:\WINDOWS\system32\twinapi.appcore.dll
0x733c0000 - 0x733d9000 	C:\WINDOWS\system32\bcrypt.dll
0x72190000 - 0x721aa000 	C:\WINDOWS\system32\RMCLIENT.dll
0x724d0000 - 0x724e6000 	C:\Program Files (x86)\Java\jdk1.8.0_144\jre\bin\net.dll
0x72da0000 - 0x72df5000 	C:\WINDOWS\system32\mswsock.dll
0x72cd0000 - 0x72cdf000 	C:\Program Files (x86)\Java\jdk1.8.0_144\jre\bin\nio.dll
0x71b90000 - 0x71bc2000 	C:\Program Files (x86)\Java\jdk1.8.0_144\jre\bin\t2k.dll
0x70fa0000 - 0x71017000 	C:\WINDOWS\System32\TextInputFramework.dll
0x6bb00000 - 0x6bd34000 	C:\WINDOWS\System32\CoreUIComponents.dll
0x6b480000 - 0x6b50c000 	C:\WINDOWS\System32\CoreMessaging.dll
0x72e80000 - 0x72ea8000 	C:\WINDOWS\SYSTEM32\ntmarta.dll
0x6d640000 - 0x6d70b000 	C:\WINDOWS\SYSTEM32\wintypes.dll
0x71b60000 - 0x71b84000 	C:\Program Files (x86)\Java\jdk1.8.0_144\jre\bin\dcpr.dll
0x183a0000 - 0x183c8000 	C:\Program Files (x86)\Java\jdk1.8.0_144\jre\lib\ext\jpcap.dll
0x73830000 - 0x73860000 	C:\WINDOWS\SYSTEM32\iphlpapi.dll
0x183d0000 - 0x1841c000 	C:\WINDOWS\SYSTEM32\wpcap.dll
0x18430000 - 0x18448000 	C:\WINDOWS\SYSTEM32\packet.dll
0x76ef0000 - 0x76ef7000 	C:\WINDOWS\System32\NSI.dll
0x72480000 - 0x72493000 	C:\WINDOWS\SYSTEM32\dhcpcsvc6.DLL
0x72160000 - 0x72174000 	C:\WINDOWS\SYSTEM32\dhcpcsvc.DLL
0x70e00000 - 0x70f81000 	C:\WINDOWS\SYSTEM32\dbghelp.dll

VM Arguments:
jvm_args: -Dfile.encoding=UTF-8 -Djava.library.path=C:\Program Files (x86)\Java\jdk1.8.0_144\bin 
java_command: jpcap.mainGui
java_class_path (initial): C:\Users\John\Documents\NetBeansProjects\JPCap\jpcap.jar;C:\Users\John\Documents\NetBeansProjects\JPCap\build\classes
Launcher Type: SUN_STANDARD

Environment Variables:
PATH=C:\ProgramData\Oracle\Java\javapath;C:\Program Files\Broadcom\Broadcom 802.11 Network Adapter;;C:\WINDOWS\system32;C:\WINDOWS;C:\WINDOWS\System32\Wbem;C:\WINDOWS\System32\WindowsPowerShell\v1.0\;C:\Program Files (x86)\ATI Technologies\ATI.ACE\Core-Static;C:\Users\John\AppData\Local\Programs\Python\Python35-32\Scripts\;C:\Users\John\AppData\Local\Programs\Python\Python35-32\;C:\Users\John\AppData\Local\Microsoft\WindowsApps;C:\Program Files (x86)\Microsoft VS Code\bin;C:\Modeltech_pe_edu_10.4a\win32pe_edu;C:\adb;C:\WINDOWS\system32;C:\WINDOWS;C:\WINDOWS\System32\Wbem;C:\WINDOWS\System32\WindowsPowerShell\v1.0\;c:\Program Files\Intel\WiFi\bin\;c:\Program Files\Common Files\Intel\WirelessCommon\;C:\Program Files\PuTTY\;C:\Users\John\AppData\Local\Programs\Fiddler;C:\Program Files (x86)\Nmap
USERNAME=John
OS=Windows_NT
PROCESSOR_IDENTIFIER=Intel64 Family 6 Model 61 Stepping 4, GenuineIntel



---------------  S Y S T E M  ---------------

OS: Windows 10.0 , 64 bit Build 16299 (10.0.16299.15)

CPU:total 4 (initial active 4) (2 cores per cpu, 2 threads per core) family 6 model 61 stepping 4, cmov, cx8, fxsr, mmx, sse, sse2, sse3, ssse3, sse4.1, sse4.2, popcnt, avx, avx2, aes, clmul, erms, 3dnowpref, lzcnt, ht, tsc, tscinvbit, bmi1, bmi2, adx

Memory: 4k page, physical 4107668k(1263672k free), swap 8656720k(3619400k free)

vm_info: Java HotSpot(TM) Client VM (25.144-b01) for windows-x86 JRE (1.8.0_144-b01), built on Jul 21 2017 21:58:05 by "java_re" with MS VC++ 10.0 (VS2010)

time: Thu Nov 23 13:25:31 2017
elapsed time: 14 seconds (0d 0h 0m 14s)

